-- drop_table(:allsales)
   -> 0.0468s
-- create_table("allsales")
   -> 0.0361s
-- add_column(:allsales, :created_at, :datetime)
   -> 0.1224s
-- add_column(:allsales, :lmmcomp, :tinyint)
   -> 0.0629s
-- add_column(:allsales, :lmsm, :tinyint)
   -> 0.0535s
-- add_column(:allsales, :imovoqty, :int)
   -> 0.0405s
-- add_index(:allsales, :plu)
   -> 0.0735s
-- add_index(:allsales, :type)
   -> 0.0586s
-- add_index(:allsales, :date)
   -> 0.0570s
-- add_index(:allsales, :description)
   -> 0.0647s
-- add_index(:allsales, [:plu, :type])
   -> 0.0638s
-- change_table(:allsales)
   -> 9.3390s
-- drop_table(:allsales)
   -> 0.0354s
-- create_table("allsales")
   -> 0.0246s
-- add_column(:allsales, :created_at, :datetime)
   -> 0.0528s
-- add_column(:allsales, :lmmcomp, :tinyint)
   -> 0.0346s
-- add_column(:allsales, :lmsm, :tinyint)
   -> 0.0392s
-- add_column(:allsales, :imovoqty, :int)
   -> 0.0376s
-- add_index(:allsales, :plu)
   -> 0.0737s
-- add_index(:allsales, :type)
   -> 0.0642s
-- add_index(:allsales, :date)
   -> 0.0647s
-- add_index(:allsales, :description)
   -> 0.0728s
-- add_index(:allsales, [:plu, :type])
   -> 0.0673s
-- change_table(:allsales)
   -> 10.6509s
-- drop_table(:allsales)
   -> 0.1232s
-- create_table("allsales")
   -> 0.0743s
-- add_column(:allsales, :created_at, :datetime)
   -> 0.0831s
-- add_column(:allsales, :lmmcomp, :tinyint)
   -> 0.0618s
-- add_column(:allsales, :lmsm, :tinyint)
   -> 0.0892s
-- add_column(:allsales, :imovoqty, :int)
   -> 0.0522s
-- add_index(:allsales, :plu)
   -> 0.0938s
-- add_index(:allsales, :type)
   -> 0.0641s
-- add_index(:allsales, :date)
   -> 0.0645s
-- add_index(:allsales, :description)
   -> 0.0801s
-- add_index(:allsales, [:plu, :type])
   -> 0.0725s
-- change_table(:allsales)
   -> 10.6804s
-- drop_table(:allsales)
   -> 0.0427s
-- create_table("allsales")
   -> 0.0232s
-- add_column(:allsales, :created_at, :datetime)
   -> 0.0798s
-- add_column(:allsales, :lmmcomp, :tinyint)
   -> 0.0432s
-- add_column(:allsales, :lmsm, :tinyint)
   -> 0.0458s
-- add_column(:allsales, :imovoqty, :int)
   -> 0.0575s
-- add_index(:allsales, :plu)
   -> 0.0414s
-- add_index(:allsales, :type)
   -> 0.0411s
-- add_index(:allsales, :date)
   -> 0.0671s
-- add_index(:allsales, :description)
   -> 0.0299s
-- add_index(:allsales, [:plu, :type])
   -> 0.0368s
-- change_table(:allsales)
   -> 1.6453s
-- drop_table(:allsales)
   -> 0.0131s
-- create_table("allsales")
   -> 0.0294s
-- add_column(:allsales, :created_at, :datetime)
   -> 0.0400s
-- add_column(:allsales, :lmmcomp, :tinyint)
   -> 0.0410s
-- add_column(:allsales, :lmsm, :tinyint)
   -> 0.0424s
-- add_column(:allsales, :imovoqty, :int)
   -> 0.0406s
-- add_index(:allsales, :plu)
   -> 0.0318s
-- add_index(:allsales, :type)
   -> 0.0265s
-- add_index(:allsales, :date)
   -> 0.0268s
-- add_index(:allsales, :description)
   -> 0.0277s
-- add_index(:allsales, [:plu, :type])
   -> 0.0337s
-- change_table(:allsales)
   -> 1.8911s
-- drop_table(:allsales)
   -> 0.0674s
-- create_table("allsales")
   -> 0.0689s
-- add_column(:allsales, :created_at, :datetime)
   -> 0.0813s
-- add_column(:allsales, :lmmcomp, :tinyint)
   -> 0.0664s
-- add_column(:allsales, :lmsm, :tinyint)
   -> 0.0450s
-- add_column(:allsales, :imovoqty, :int)
   -> 0.0397s
-- add_index(:allsales, :plu)
   -> 0.0481s
-- add_index(:allsales, :type)
   -> 0.0759s
-- add_index(:allsales, :date)
   -> 0.0296s
-- add_index(:allsales, :description)
   -> 0.0494s
-- add_index(:allsales, [:plu, :type])
   -> 0.0384s
-- change_table(:allsales)
   -> 2.4914s
-- drop_table(:allsales)
   -> 0.0483s
-- create_table("allsales")
   -> 0.0361s
-- add_column(:allsales, :created_at, :datetime)
   -> 0.0437s
-- add_column(:allsales, :lmmcomp, :tinyint)
   -> 0.0417s
-- add_column(:allsales, :lmsm, :tinyint)
   -> 0.0342s
-- add_column(:allsales, :imovoqty, :int)
   -> 0.0365s
-- add_index(:allsales, :plu)
   -> 0.0637s
-- add_index(:allsales, :type)
   -> 0.0292s
-- add_index(:allsales, :date)
   -> 0.0279s
-- add_index(:allsales, :description)
   -> 0.0283s
-- add_index(:allsales, [:plu, :type])
   -> 0.0285s
-- change_table(:allsales)
   -> 5.0200s
-- drop_table(:allsales)
   -> 0.0186s
-- create_table("allsales")
   -> 0.0277s
-- add_column(:allsales, :created_at, :datetime)
   -> 0.0369s
-- add_column(:allsales, :lmmcomp, :tinyint)
   -> 0.0433s
-- add_column(:allsales, :lmsm, :tinyint)
   -> 0.0431s
-- add_column(:allsales, :imovoqty, :int)
   -> 0.0440s
-- add_index(:allsales, :plu)
   -> 0.0352s
-- add_index(:allsales, :type)
   -> 0.0286s
-- add_index(:allsales, :date)
   -> 0.0325s
-- add_index(:allsales, :description)
   -> 0.0288s
-- add_index(:allsales, [:plu, :type])
   -> 0.0311s
-- change_table(:allsales)
   -> 4.3692s
-- drop_table(:allsales)
   -> 0.0352s
-- create_table("allsales")
   -> 0.0268s
-- add_column(:allsales, :created_at, :datetime)
   -> 0.0367s
-- add_column(:allsales, :lmmcomp, :tinyint)
   -> 0.0433s
-- add_column(:allsales, :lmsm, :tinyint)
   -> 0.0403s
-- add_column(:allsales, :imovoqty, :int)
   -> 0.0382s
-- add_index(:allsales, :plu)
   -> 0.0303s
-- add_index(:allsales, :type)
   -> 0.0447s
-- add_index(:allsales, :date)
   -> 0.0290s
-- add_index(:allsales, :description)
   -> 0.0320s
-- add_index(:allsales, [:plu, :type])
   -> 0.0314s
-- change_table(:allsales)
   -> 4.2671s
-- drop_table(:allsales)
   -> 0.0521s
-- create_table("allsales")
   -> 0.0434s
-- add_column(:allsales, :created_at, :datetime)
   -> 0.0477s
-- add_column(:allsales, :lmmcomp, :tinyint)
   -> 0.0488s
-- add_column(:allsales, :lmsm, :tinyint)
   -> 0.0477s
-- add_column(:allsales, :imovoqty, :int)
   -> 0.0613s
-- add_index(:allsales, :plu)
   -> 0.0401s
-- add_index(:allsales, :type)
   -> 0.0363s
-- add_index(:allsales, :date)
   -> 0.1593s
-- add_index(:allsales, :description)
   -> 0.0372s
-- add_index(:allsales, [:plu, :type])
   -> 0.1617s
-- change_table(:allsales)
   -> 4.5814s
-- drop_table(:allsales)
   -> 0.0149s
-- create_table("allsales")
   -> 0.0287s
-- add_column(:allsales, :created_at, :datetime)
   -> 0.0625s
-- add_column(:allsales, :lmmcomp, :tinyint)
   -> 0.0400s
-- add_column(:allsales, :lmsm, :tinyint)
   -> 0.0417s
-- add_column(:allsales, :imovoqty, :int)
   -> 0.0464s
-- add_index(:allsales, :plu)
   -> 0.0318s
-- add_index(:allsales, :type)
   -> 0.0326s
-- add_index(:allsales, :date)
   -> 0.0322s
-- add_index(:allsales, :description)
   -> 0.0303s
-- add_index(:allsales, [:plu, :type])
   -> 0.0322s
-- change_table(:allsales)
   -> 4.7176s
-- drop_table(:allsales)
   -> 0.0342s
-- create_table("allsales")
   -> 0.0250s
-- add_column(:allsales, :created_at, :datetime)
   -> 0.0377s
-- add_column(:allsales, :lmmcomp, :tinyint)
   -> 0.0401s
-- add_column(:allsales, :lmsm, :tinyint)
   -> 0.0385s
-- add_column(:allsales, :imovoqty, :int)
   -> 0.0362s
-- add_index(:allsales, :plu)
   -> 0.0322s
-- add_index(:allsales, :type)
   -> 0.0310s
-- add_index(:allsales, :date)
   -> 0.0313s
-- add_index(:allsales, :description)
   -> 0.0335s
-- add_index(:allsales, [:plu, :type])
   -> 0.0313s
-- change_table(:allsales)
   -> 4.5524s
-- drop_table(:allsales)
   -> 0.0438s
-- create_table("allsales")
   -> 0.0264s
-- add_column(:allsales, :created_at, :datetime)
   -> 0.0422s
-- add_column(:allsales, :lmmcomp, :tinyint)
   -> 0.0387s
-- add_column(:allsales, :lmsm, :tinyint)
   -> 0.1776s
-- add_column(:allsales, :imovoqty, :int)
   -> 0.0434s
-- add_index(:allsales, :plu)
   -> 0.0408s
-- add_index(:allsales, :type)
   -> 0.0328s
-- add_index(:allsales, :date)
   -> 0.0399s
-- add_index(:allsales, :description)
   -> 0.0362s
-- add_index(:allsales, [:plu, :type])
   -> 0.0370s
-- change_table(:allsales)
   -> 4.9900s
-- drop_table(:allsales)
   -> 0.0583s
-- create_table("allsales")
   -> 0.0339s
-- add_column(:allsales, :created_at, :datetime)
   -> 0.0455s
-- add_column(:allsales, :lmmcomp, :tinyint)
   -> 0.0424s
-- add_column(:allsales, :lmsm, :tinyint)
   -> 0.0424s
-- add_column(:allsales, :imovoqty, :int)
   -> 0.0508s
-- add_index(:allsales, :plu)
   -> 0.0478s
-- add_index(:allsales, :type)
   -> 0.0350s
-- add_index(:allsales, :date)
   -> 0.0325s
-- add_index(:allsales, :description)
   -> 0.0404s
-- add_index(:allsales, [:plu, :type])
   -> 0.0422s
-- change_table(:allsales)
   -> 5.5531s
-- drop_table(:allsales)
   -> 0.0451s
-- create_table("allsales")
   -> 0.0261s
-- add_column(:allsales, :created_at, :datetime)
   -> 0.0715s
-- add_column(:allsales, :lmmcomp, :tinyint)
   -> 0.0487s
-- add_column(:allsales, :lmsm, :tinyint)
   -> 0.0427s
-- add_column(:allsales, :imovoqty, :int)
   -> 0.0654s
-- add_index(:allsales, :plu)
   -> 0.0636s
-- add_index(:allsales, :type)
   -> 0.0342s
-- add_index(:allsales, :date)
   -> 0.0329s
-- add_index(:allsales, :description)
   -> 0.0372s
-- add_index(:allsales, [:plu, :type])
   -> 0.0344s
-- change_table(:allsales)
   -> 4.9494s
-- drop_table(:allsales)
   -> 0.0373s
-- create_table("allsales")
   -> 0.0262s
-- add_column(:allsales, :created_at, :datetime)
   -> 0.0501s
-- add_column(:allsales, :lmmcomp, :tinyint)
   -> 0.0519s
-- add_column(:allsales, :lmsm, :tinyint)
   -> 0.0604s
-- add_column(:allsales, :imovoqty, :int)
   -> 0.0659s
-- add_index(:allsales, :plu)
   -> 0.0441s
-- add_index(:allsales, :type)
   -> 0.0338s
-- add_index(:allsales, :date)
   -> 0.0805s
-- add_index(:allsales, :description)
   -> 0.1312s
-- add_index(:allsales, [:plu, :type])
   -> 0.0373s
-- change_table(:allsales)
   -> 5.1653s
-- drop_table(:allsales)
   -> 0.0326s
-- create_table("allsales")
   -> 0.0222s
-- add_column(:allsales, :created_at, :datetime)
   -> 0.0508s
-- add_column(:allsales, :lmmcomp, :tinyint)
   -> 0.0335s
-- add_column(:allsales, :lmsm, :tinyint)
   -> 0.1788s
-- add_column(:allsales, :imovoqty, :int)
   -> 0.0575s
-- add_index(:allsales, :plu)
   -> 0.0411s
-- add_index(:allsales, :type)
   -> 0.1396s
-- add_index(:allsales, :date)
   -> 0.0394s
-- add_index(:allsales, :description)
   -> 0.0444s
-- add_index(:allsales, [:plu, :type])
   -> 0.0471s
-- change_table(:allsales)
   -> 7.2483s
-- drop_table(:allsales)
   -> 0.0522s
-- create_table("allsales")
   -> 0.0237s
-- add_column(:allsales, :created_at, :datetime)
   -> 0.0567s
-- add_column(:allsales, :lmmcomp, :tinyint)
   -> 0.0352s
-- add_column(:allsales, :lmsm, :tinyint)
   -> 0.0353s
-- add_column(:allsales, :imovoqty, :int)
   -> 0.0400s
-- add_index(:allsales, :plu)
   -> 0.0426s
-- add_index(:allsales, :type)
   -> 0.0402s
-- add_index(:allsales, :date)
   -> 0.0397s
-- add_index(:allsales, :description)
   -> 0.0439s
-- add_index(:allsales, [:plu, :type])
   -> 0.0446s
-- change_table(:allsales)
   -> 5.9427s
-- drop_table(:allsales)
   -> 0.0635s
-- create_table("allsales")
   -> 0.0249s
-- add_column(:allsales, :created_at, :datetime)
   -> 0.0441s
-- add_column(:allsales, :lmmcomp, :tinyint)
   -> 0.0435s
-- add_column(:allsales, :lmsm, :tinyint)
   -> 0.0472s
-- add_column(:allsales, :imovoqty, :int)
   -> 0.0693s
-- add_index(:allsales, :plu)
   -> 0.0538s
-- add_index(:allsales, :type)
   -> 0.0410s
-- add_index(:allsales, :date)
   -> 0.0392s
-- add_index(:allsales, :description)
   -> 0.0415s
-- add_index(:allsales, [:plu, :type])
   -> 0.0451s
-- change_table(:allsales)
   -> 5.9618s
-- drop_table(:allsales)
   -> 0.1326s
-- create_table("allsales")
   -> 0.0260s
-- add_column(:allsales, :created_at, :datetime)
   -> 0.0383s
-- add_column(:allsales, :lmmcomp, :tinyint)
   -> 0.0395s
-- add_column(:allsales, :lmsm, :tinyint)
   -> 0.0575s
-- add_column(:allsales, :imovoqty, :int)
   -> 0.0468s
-- add_index(:allsales, :plu)
   -> 0.4492s
-- add_index(:allsales, :type)
   -> 0.0459s
-- add_index(:allsales, :date)
   -> 0.0435s
-- add_index(:allsales, :description)
   -> 0.0533s
-- add_index(:allsales, [:plu, :type])
   -> 0.0543s
-- change_table(:allsales)
   -> 6.7694s
-- drop_table(:allsales)
   -> 0.0635s
-- create_table("allsales")
   -> 0.0493s
-- add_column(:allsales, :created_at, :datetime)
   -> 0.0512s
-- add_column(:allsales, :lmmcomp, :tinyint)
   -> 0.0364s
-- add_column(:allsales, :lmsm, :tinyint)
   -> 0.0393s
-- add_column(:allsales, :imovoqty, :int)
   -> 0.0322s
-- add_index(:allsales, :plu)
   -> 0.0463s
-- add_index(:allsales, :type)
   -> 0.0441s
-- add_index(:allsales, :date)
   -> 0.0432s
-- add_index(:allsales, :description)
   -> 0.0497s
-- add_index(:allsales, [:plu, :type])
   -> 0.0467s
-- change_table(:allsales)
   -> 7.0929s
-- drop_table(:allsales)
   -> 0.0345s
-- create_table("allsales")
   -> 0.0220s
-- add_column(:allsales, :created_at, :datetime)
   -> 0.4089s
-- add_column(:allsales, :lmmcomp, :tinyint)
   -> 0.0400s
-- add_column(:allsales, :lmsm, :tinyint)
   -> 0.0396s
-- add_column(:allsales, :imovoqty, :int)
   -> 0.0413s
-- add_index(:allsales, :plu)
   -> 0.0487s
-- add_index(:allsales, :type)
   -> 0.0446s
-- add_index(:allsales, :date)
   -> 0.0453s
-- add_index(:allsales, :description)
   -> 0.0504s
-- add_index(:allsales, [:plu, :type])
   -> 0.0478s
-- change_table(:allsales)
   -> 6.4861s
-- drop_table(:allsales)
   -> 0.0371s
-- create_table("allsales")
   -> 0.0228s
-- add_column(:allsales, :created_at, :datetime)
   -> 0.0332s
-- add_column(:allsales, :lmmcomp, :tinyint)
   -> 0.0322s
-- add_column(:allsales, :lmsm, :tinyint)
   -> 0.0386s
-- add_column(:allsales, :imovoqty, :int)
   -> 0.0353s
-- add_index(:allsales, :plu)
   -> 0.0493s
-- add_index(:allsales, :type)
   -> 0.0480s
-- add_index(:allsales, :date)
   -> 0.0448s
-- add_index(:allsales, :description)
   -> 0.0487s
-- add_index(:allsales, [:plu, :type])
   -> 0.0538s
-- change_table(:allsales)
   -> 7.0459s
-- drop_table(:allsales)
   -> 0.0319s
-- create_table("allsales")
   -> 0.0209s
-- add_column(:allsales, :created_at, :datetime)
   -> 0.0296s
-- add_column(:allsales, :lmmcomp, :tinyint)
   -> 0.0280s
-- add_column(:allsales, :lmsm, :tinyint)
   -> 0.0337s
-- add_column(:allsales, :imovoqty, :int)
   -> 0.0300s
-- add_index(:allsales, :plu)
   -> 0.0536s
-- add_index(:allsales, :type)
   -> 0.0435s
-- add_index(:allsales, :date)
   -> 0.0448s
-- add_index(:allsales, :description)
   -> 0.0512s
-- add_index(:allsales, [:plu, :type])
   -> 0.0508s
-- change_table(:allsales)
   -> 6.9620s
-- drop_table(:allsales)
   -> 0.0488s
-- create_table("allsales")
   -> 0.0210s
-- add_column(:allsales, :created_at, :datetime)
   -> 0.0328s
-- add_column(:allsales, :lmmcomp, :tinyint)
   -> 0.0490s
-- add_column(:allsales, :lmsm, :tinyint)
   -> 0.0315s
-- add_column(:allsales, :imovoqty, :int)
   -> 0.0283s
-- add_index(:allsales, :plu)
   -> 0.0539s
-- add_index(:allsales, :type)
   -> 0.0526s
-- add_index(:allsales, :date)
   -> 0.0461s
-- add_index(:allsales, :description)
   -> 0.0556s
-- add_index(:allsales, [:plu, :type])
   -> 0.0516s
-- change_table(:allsales)
   -> 6.7154s
-- drop_table(:allsales)
   -> 0.0558s
-- create_table("allsales")
   -> 0.0286s
-- add_column(:allsales, :created_at, :datetime)
   -> 0.0342s
-- add_column(:allsales, :lmmcomp, :tinyint)
   -> 0.0353s
-- add_column(:allsales, :lmsm, :tinyint)
   -> 0.0358s
-- add_column(:allsales, :imovoqty, :int)
   -> 0.0395s
-- add_index(:allsales, :plu)
   -> 0.0652s
-- add_index(:allsales, :type)
   -> 0.0502s
-- add_index(:allsales, :date)
   -> 0.0512s
-- add_index(:allsales, :description)
   -> 0.0558s
-- add_index(:allsales, [:plu, :type])
   -> 0.0516s
-- change_table(:allsales)
   -> 7.5920s
-- drop_table(:allsales)
   -> 0.0314s
-- create_table("allsales")
   -> 0.0242s
-- add_column(:allsales, :created_at, :datetime)
   -> 0.0389s
-- add_column(:allsales, :lmmcomp, :tinyint)
   -> 0.0423s
-- add_column(:allsales, :lmsm, :tinyint)
   -> 0.0372s
-- add_column(:allsales, :imovoqty, :int)
   -> 0.0334s
-- add_index(:allsales, :plu)
   -> 0.0555s
-- add_index(:allsales, :type)
   -> 0.0519s
-- add_index(:allsales, :date)
   -> 0.0507s
-- add_index(:allsales, :description)
   -> 0.0590s
-- add_index(:allsales, [:plu, :type])
   -> 0.0570s
-- change_table(:allsales)
   -> 7.2184s
-- drop_table(:allsales)
   -> 0.0307s
-- create_table("allsales")
   -> 0.0243s
-- add_column(:allsales, :created_at, :datetime)
   -> 0.0326s
-- add_column(:allsales, :lmmcomp, :tinyint)
   -> 0.0344s
-- add_column(:allsales, :lmsm, :tinyint)
   -> 0.0373s
-- add_column(:allsales, :imovoqty, :int)
   -> 0.0306s
-- add_index(:allsales, :plu)
   -> 0.0581s
-- add_index(:allsales, :type)
   -> 0.0543s
-- add_index(:allsales, :date)
   -> 0.0502s
-- add_index(:allsales, :description)
   -> 0.0586s
-- add_index(:allsales, [:plu, :type])
   -> 0.0577s
-- change_table(:allsales)
   -> 7.4827s
-- drop_table(:allsales)
   -> 0.0294s
-- create_table("allsales")
   -> 0.0253s
-- add_column(:allsales, :created_at, :datetime)
   -> 0.0948s
-- add_column(:allsales, :lmmcomp, :tinyint)
   -> 0.0518s
-- add_column(:allsales, :lmsm, :tinyint)
   -> 0.0442s
-- add_column(:allsales, :imovoqty, :int)
   -> 0.0340s
-- add_index(:allsales, :plu)
   -> 0.1160s
-- add_index(:allsales, :type)
   -> 0.0526s
-- add_index(:allsales, :date)
   -> 0.0548s
-- add_index(:allsales, :description)
   -> 0.0591s
-- add_index(:allsales, [:plu, :type])
   -> 0.0618s
-- change_table(:allsales)
   -> 8.1121s
-- drop_table(:allsales)
   -> 0.0289s
-- create_table("allsales")
   -> 0.0264s
-- add_column(:allsales, :created_at, :datetime)
   -> 0.0350s
-- add_column(:allsales, :lmmcomp, :tinyint)
   -> 0.0319s
-- add_column(:allsales, :lmsm, :tinyint)
   -> 0.0325s
-- add_column(:allsales, :imovoqty, :int)
   -> 0.0326s
-- add_index(:allsales, :plu)
   -> 0.0659s
-- add_index(:allsales, :type)
   -> 0.0577s
-- add_index(:allsales, :date)
   -> 0.0605s
-- add_index(:allsales, :description)
   -> 0.0710s
-- add_index(:allsales, [:plu, :type])
   -> 0.0831s
-- change_table(:allsales)
   -> 8.6306s
-- drop_table(:allsales)
   -> 0.0700s
-- create_table("allsales")
   -> 0.0202s
-- add_column(:allsales, :created_at, :datetime)
   -> 0.0448s
-- add_column(:allsales, :lmmcomp, :tinyint)
   -> 0.0319s
-- add_column(:allsales, :lmsm, :tinyint)
   -> 0.0329s
-- add_column(:allsales, :imovoqty, :int)
   -> 0.0386s
-- add_index(:allsales, :plu)
   -> 0.0697s
-- add_index(:allsales, :type)
   -> 0.0578s
-- add_index(:allsales, :date)
   -> 0.0628s
-- add_index(:allsales, :description)
   -> 0.0628s
-- add_index(:allsales, [:plu, :type])
   -> 0.0735s
-- change_table(:allsales)
   -> 8.7306s
-- drop_table(:allsales)
   -> 0.0653s
-- create_table("allsales")
   -> 0.0263s
-- add_column(:allsales, :created_at, :datetime)
   -> 0.0459s
-- add_column(:allsales, :lmmcomp, :tinyint)
   -> 0.0322s
-- add_column(:allsales, :lmsm, :tinyint)
   -> 0.0345s
-- add_column(:allsales, :imovoqty, :int)
   -> 0.0354s
-- add_index(:allsales, :plu)
   -> 0.0675s
-- add_index(:allsales, :type)
   -> 0.0625s
-- add_index(:allsales, :date)
   -> 0.0591s
-- add_index(:allsales, :description)
   -> 0.0658s
-- add_index(:allsales, [:plu, :type])
   -> 0.0666s
-- change_table(:allsales)
   -> 9.1720s
-- drop_table(:allsales)
   -> 0.0541s
-- create_table("allsales")
   -> 0.0386s
-- add_column(:allsales, :created_at, :datetime)
   -> 0.0345s
-- add_column(:allsales, :lmmcomp, :tinyint)
   -> 0.0356s
-- add_column(:allsales, :lmsm, :tinyint)
   -> 0.0361s
-- add_column(:allsales, :imovoqty, :int)
   -> 0.0348s
-- add_index(:allsales, :plu)
   -> 0.0682s
-- add_index(:allsales, :type)
   -> 0.0611s
-- add_index(:allsales, :date)
   -> 0.0700s
-- add_index(:allsales, :description)
   -> 0.0712s
-- add_index(:allsales, [:plu, :type])
   -> 0.0717s
-- change_table(:allsales)
   -> 10.2747s
-- drop_table(:allsales)
   -> 0.0327s
-- create_table("allsales")
   -> 0.0300s
-- add_column(:allsales, :created_at, :datetime)
   -> 0.0491s
-- add_column(:allsales, :lmmcomp, :tinyint)
   -> 0.0352s
-- add_column(:allsales, :lmsm, :tinyint)
   -> 0.0310s
-- add_column(:allsales, :imovoqty, :int)
   -> 0.0302s
-- add_index(:allsales, :plu)
   -> 0.0688s
-- add_index(:allsales, :type)
   -> 0.0607s
-- add_index(:allsales, :date)
   -> 0.0595s
-- add_index(:allsales, :description)
   -> 0.0679s
-- add_index(:allsales, [:plu, :type])
   -> 0.0673s
-- change_table(:allsales)
   -> 9.6814s
-- drop_table(:allsales)
   -> 0.0427s
-- create_table("allsales")
   -> 0.0205s
-- add_column(:allsales, :created_at, :datetime)
   -> 0.0325s
-- add_column(:allsales, :lmmcomp, :tinyint)
   -> 0.0297s
-- add_column(:allsales, :lmsm, :tinyint)
   -> 0.0302s
-- add_column(:allsales, :imovoqty, :int)
   -> 0.0315s
-- add_index(:allsales, :plu)
   -> 0.0721s
-- add_index(:allsales, :type)
   -> 0.0692s
-- add_index(:allsales, :date)
   -> 0.0598s
-- add_index(:allsales, :description)
   -> 0.0808s
-- add_index(:allsales, [:plu, :type])
   -> 0.0700s
-- change_table(:allsales)
   -> 10.5413s
-- drop_table(:allsales)
   -> 0.1544s
-- create_table("allsales")
   -> 0.0365s
-- add_column(:allsales, :created_at, :datetime)
   -> 0.0339s
-- add_column(:allsales, :lmmcomp, :tinyint)
   -> 0.0328s
-- add_column(:allsales, :lmsm, :tinyint)
   -> 0.0462s
-- add_column(:allsales, :imovoqty, :int)
   -> 0.0549s
-- add_index(:allsales, :plu)
   -> 0.0286s
-- add_index(:allsales, :type)
   -> 0.0402s
-- add_index(:allsales, :date)
   -> 0.0234s
-- add_index(:allsales, :description)
   -> 0.0236s
-- add_index(:allsales, [:plu, :type])
   -> 0.0262s
-- change_table(:allsales)
   -> 1.3830s
-- drop_table(:allsales)
   -> 0.0111s
-- create_table("allsales")
   -> 0.0299s
-- add_column(:allsales, :created_at, :datetime)
   -> 0.0586s
-- add_column(:allsales, :lmmcomp, :tinyint)
   -> 0.0347s
-- add_column(:allsales, :lmsm, :tinyint)
   -> 0.0354s
-- add_column(:allsales, :imovoqty, :int)
   -> 0.0354s
-- add_index(:allsales, :plu)
   -> 0.0275s
-- add_index(:allsales, :type)
   -> 0.0244s
-- add_index(:allsales, :date)
   -> 0.0237s
-- add_index(:allsales, :description)
   -> 0.0254s
-- add_index(:allsales, [:plu, :type])
   -> 0.0275s
-- change_table(:allsales)
   -> 1.9389s
-- drop_table(:allsales)
   -> 0.0149s
-- create_table("allsales")
   -> 0.0370s
-- add_column(:allsales, :created_at, :datetime)
   -> 0.0380s
-- add_column(:allsales, :lmmcomp, :tinyint)
   -> 0.0348s
-- add_column(:allsales, :lmsm, :tinyint)
   -> 0.0386s
-- add_column(:allsales, :imovoqty, :int)
   -> 0.0613s
-- add_index(:allsales, :plu)
   -> 0.0244s
-- add_index(:allsales, :type)
   -> 0.0314s
-- add_index(:allsales, :date)
   -> 0.0243s
-- add_index(:allsales, :description)
   -> 0.0241s
-- add_index(:allsales, [:plu, :type])
   -> 0.0260s
-- change_table(:allsales)
   -> 1.9143s
-- drop_table(:allsales)
   -> 0.0170s
-- create_table("allsales")
   -> 0.0241s
-- add_column(:allsales, :created_at, :datetime)
   -> 0.0427s
-- add_column(:allsales, :lmmcomp, :tinyint)
   -> 0.0439s
-- add_column(:allsales, :lmsm, :tinyint)
   -> 0.0323s
-- add_column(:allsales, :imovoqty, :int)
   -> 0.0364s
-- add_index(:allsales, :plu)
   -> 0.0311s
-- add_index(:allsales, :type)
   -> 0.0267s
-- add_index(:allsales, :date)
   -> 0.0249s
-- add_index(:allsales, :description)
   -> 0.0352s
-- add_index(:allsales, [:plu, :type])
   -> 0.0363s
-- change_table(:allsales)
   -> 2.7076s
-- drop_table(:allsales)
   -> 0.0322s
-- create_table("allsales")
   -> 0.0254s
-- add_column(:allsales, :created_at, :datetime)
   -> 0.0444s
-- add_column(:allsales, :lmmcomp, :tinyint)
   -> 0.0458s
-- add_column(:allsales, :lmsm, :tinyint)
   -> 0.0357s
-- add_column(:allsales, :imovoqty, :int)
   -> 0.0352s
-- add_index(:allsales, :plu)
   -> 0.0252s
-- add_index(:allsales, :type)
   -> 0.0268s
-- add_index(:allsales, :date)
   -> 0.0262s
-- add_index(:allsales, :description)
   -> 0.0253s
-- add_index(:allsales, [:plu, :type])
   -> 0.0266s
-- change_table(:allsales)
   -> 3.4708s
-- drop_table(:allsales)
   -> 0.0779s
-- create_table("allsales")
   -> 0.0268s
-- add_column(:allsales, :created_at, :datetime)
   -> 0.0630s
-- add_column(:allsales, :lmmcomp, :tinyint)
   -> 0.1563s
-- add_column(:allsales, :lmsm, :tinyint)
   -> 0.0359s
-- add_column(:allsales, :imovoqty, :int)
   -> 0.0343s
-- add_index(:allsales, :plu)
   -> 0.0268s
-- add_index(:allsales, :type)
   -> 0.0251s
-- add_index(:allsales, :date)
   -> 0.0278s
-- add_index(:allsales, :description)
   -> 0.0265s
-- add_index(:allsales, [:plu, :type])
   -> 0.0269s
-- change_table(:allsales)
   -> 3.7459s
-- drop_table(:allsales)
   -> 0.0652s
-- create_table("allsales")
   -> 0.0220s
-- add_column(:allsales, :created_at, :datetime)
   -> 0.0680s
-- add_column(:allsales, :lmmcomp, :tinyint)
   -> 0.0364s
-- add_column(:allsales, :lmsm, :tinyint)
   -> 0.0350s
-- add_column(:allsales, :imovoqty, :int)
   -> 0.0334s
-- add_index(:allsales, :plu)
   -> 0.0286s
-- add_index(:allsales, :type)
   -> 0.0260s
-- add_index(:allsales, :date)
   -> 0.0281s
-- add_index(:allsales, :description)
   -> 0.0271s
-- add_index(:allsales, [:plu, :type])
   -> 0.0284s
-- change_table(:allsales)
   -> 4.2443s
-- drop_table(:allsales)
   -> 0.1206s
-- create_table("allsales")
   -> 0.0540s
-- add_column(:allsales, :created_at, :datetime)
   -> 0.0846s
-- add_column(:allsales, :lmmcomp, :tinyint)
   -> 0.0567s
-- add_column(:allsales, :lmsm, :tinyint)
   -> 0.0772s
-- add_column(:allsales, :imovoqty, :int)
   -> 0.0810s
-- add_index(:allsales, :plu)
   -> 0.0329s
-- add_index(:allsales, :type)
   -> 0.0267s
-- add_index(:allsales, :date)
   -> 0.0290s
-- add_index(:allsales, :description)
   -> 0.0441s
-- add_index(:allsales, [:plu, :type])
   -> 0.0338s
-- change_table(:allsales)
   -> 4.4738s
-- drop_table(:allsales)
   -> 0.0322s
-- create_table("allsales")
   -> 0.0571s
-- add_column(:allsales, :created_at, :datetime)
   -> 0.0644s
-- add_column(:allsales, :lmmcomp, :tinyint)
   -> 0.0697s
-- add_column(:allsales, :lmsm, :tinyint)
   -> 0.0601s
-- add_column(:allsales, :imovoqty, :int)
   -> 0.0466s
-- add_index(:allsales, :plu)
   -> 0.0323s
-- add_index(:allsales, :type)
   -> 0.0286s
-- add_index(:allsales, :date)
   -> 0.0304s
-- add_index(:allsales, :description)
   -> 0.0347s
-- add_index(:allsales, [:plu, :type])
   -> 0.0308s
-- change_table(:allsales)
   -> 4.9791s
-- drop_table(:allsales)
   -> 0.0752s
-- create_table("allsales")
   -> 0.0262s
-- add_column(:allsales, :created_at, :datetime)
   -> 0.0441s
-- add_column(:allsales, :lmmcomp, :tinyint)
   -> 0.0297s
-- add_column(:allsales, :lmsm, :tinyint)
   -> 0.0342s
-- add_column(:allsales, :imovoqty, :int)
   -> 0.0335s
-- add_index(:allsales, :plu)
   -> 0.0507s
-- add_index(:allsales, :type)
   -> 0.0426s
-- add_index(:allsales, :date)
   -> 0.0322s
-- add_index(:allsales, :description)
   -> 0.0360s
-- add_index(:allsales, [:plu, :type])
   -> 0.0372s
-- change_table(:allsales)
   -> 4.7581s
-- drop_table(:allsales)
   -> 0.0213s
-- create_table("allsales")
   -> 0.0228s
-- add_column(:allsales, :created_at, :datetime)
   -> 0.0374s
-- add_column(:allsales, :lmmcomp, :tinyint)
   -> 0.0343s
-- add_column(:allsales, :lmsm, :tinyint)
   -> 0.0390s
-- add_column(:allsales, :imovoqty, :int)
   -> 0.0341s
-- add_index(:allsales, :plu)
   -> 0.0372s
-- add_index(:allsales, :type)
   -> 0.0340s
-- add_index(:allsales, :date)
   -> 0.0321s
-- add_index(:allsales, :description)
   -> 0.0359s
-- add_index(:allsales, [:plu, :type])
   -> 0.0356s
-- change_table(:allsales)
   -> 4.8416s
-- drop_table(:allsales)
   -> 0.0262s
-- create_table("allsales")
   -> 0.0281s
-- add_column(:allsales, :created_at, :datetime)
   -> 0.0766s
-- add_column(:allsales, :lmmcomp, :tinyint)
   -> 0.0561s
-- add_column(:allsales, :lmsm, :tinyint)
   -> 0.0638s
-- add_column(:allsales, :imovoqty, :int)
   -> 0.0530s
-- add_index(:allsales, :plu)
   -> 0.0369s
-- add_index(:allsales, :type)
   -> 0.0338s
-- add_index(:allsales, :date)
   -> 0.0340s
-- add_index(:allsales, :description)
   -> 0.0376s
-- add_index(:allsales, [:plu, :type])
   -> 0.0357s
-- change_table(:allsales)
   -> 5.1328s
-- drop_table(:allsales)
   -> 0.0356s
-- create_table("allsales")
   -> 0.0229s
-- add_column(:allsales, :created_at, :datetime)
   -> 0.0548s
-- add_column(:allsales, :lmmcomp, :tinyint)
   -> 0.0623s
-- add_column(:allsales, :lmsm, :tinyint)
   -> 0.0498s
-- add_column(:allsales, :imovoqty, :int)
   -> 0.0611s
-- add_index(:allsales, :plu)
   -> 0.0431s
-- add_index(:allsales, :type)
   -> 0.0383s
-- add_index(:allsales, :date)
   -> 0.0366s
-- add_index(:allsales, :description)
   -> 0.0433s
-- add_index(:allsales, [:plu, :type])
   -> 0.0375s
-- change_table(:allsales)
   -> 5.2815s
-- drop_table(:allsales)
   -> 0.0281s
-- create_table("allsales")
   -> 0.0214s
-- add_column(:allsales, :created_at, :datetime)
   -> 0.0389s
-- add_column(:allsales, :lmmcomp, :tinyint)
   -> 0.0391s
-- add_column(:allsales, :lmsm, :tinyint)
   -> 0.0377s
-- add_column(:allsales, :imovoqty, :int)
   -> 0.0403s
-- add_index(:allsales, :plu)
   -> 0.0417s
-- add_index(:allsales, :type)
   -> 0.0395s
-- add_index(:allsales, :date)
   -> 0.0409s
-- add_index(:allsales, :description)
   -> 0.0398s
-- add_index(:allsales, [:plu, :type])
   -> 0.0440s
-- change_table(:allsales)
   -> 5.7243s
-- drop_table(:allsales)
   -> 0.0317s
-- create_table("allsales")
   -> 0.0232s
-- add_column(:allsales, :created_at, :datetime)
   -> 0.0313s
-- add_column(:allsales, :lmmcomp, :tinyint)
   -> 0.0366s
-- add_column(:allsales, :lmsm, :tinyint)
   -> 0.0366s
-- add_column(:allsales, :imovoqty, :int)
   -> 0.0334s
-- add_index(:allsales, :plu)
   -> 0.0646s
-- add_index(:allsales, :type)
   -> 0.0365s
-- add_index(:allsales, :date)
   -> 0.0381s
-- add_index(:allsales, :description)
   -> 0.0456s
-- add_index(:allsales, [:plu, :type])
   -> 0.0409s
-- change_table(:allsales)
   -> 5.3121s
-- drop_table(:allsales)
   -> 0.0147s
-- create_table("allsales")
   -> 0.0244s
-- add_column(:allsales, :created_at, :datetime)
   -> 0.0331s
-- add_column(:allsales, :lmmcomp, :tinyint)
   -> 0.0318s
-- add_column(:allsales, :lmsm, :tinyint)
   -> 0.0343s
-- add_column(:allsales, :imovoqty, :int)
   -> 0.0370s
-- add_index(:allsales, :plu)
   -> 0.0409s
-- add_index(:allsales, :type)
   -> 0.0382s
-- add_index(:allsales, :date)
   -> 0.0423s
-- add_index(:allsales, :description)
   -> 0.0475s
-- add_index(:allsales, [:plu, :type])
   -> 0.0468s
-- change_table(:allsales)
   -> 5.9562s
-- drop_table(:allsales)
   -> 0.0258s
-- create_table("allsales")
   -> 0.0207s
-- add_column(:allsales, :created_at, :datetime)
   -> 0.0332s
-- add_column(:allsales, :lmmcomp, :tinyint)
   -> 0.0336s
-- add_column(:allsales, :lmsm, :tinyint)
   -> 0.0322s
-- add_column(:allsales, :imovoqty, :int)
   -> 0.0497s
-- add_index(:allsales, :plu)
   -> 0.0539s
-- add_index(:allsales, :type)
   -> 0.0442s
-- add_index(:allsales, :date)
   -> 0.0416s
-- add_index(:allsales, :description)
   -> 0.0487s
-- add_index(:allsales, [:plu, :type])
   -> 0.0442s
-- change_table(:allsales)
   -> 6.0201s
-- drop_table(:allsales)
   -> 0.0321s
-- create_table("allsales")
   -> 0.0522s
-- add_column(:allsales, :created_at, :datetime)
   -> 0.0337s
-- add_column(:allsales, :lmmcomp, :tinyint)
   -> 0.0339s
-- add_column(:allsales, :lmsm, :tinyint)
   -> 0.0359s
-- add_column(:allsales, :imovoqty, :int)
   -> 0.0366s
-- add_index(:allsales, :plu)
   -> 0.0507s
-- add_index(:allsales, :type)
   -> 0.0447s
-- add_index(:allsales, :date)
   -> 0.0465s
-- add_index(:allsales, :description)
   -> 0.0480s
-- add_index(:allsales, [:plu, :type])
   -> 0.0477s
-- change_table(:allsales)
   -> 6.7615s
-- drop_table(:allsales)
   -> 0.0317s
-- create_table("allsales")
   -> 0.0310s
-- add_column(:allsales, :created_at, :datetime)
   -> 0.0331s
-- add_column(:allsales, :lmmcomp, :tinyint)
   -> 0.0374s
-- add_column(:allsales, :lmsm, :tinyint)
   -> 0.0356s
-- add_column(:allsales, :imovoqty, :int)
   -> 0.0355s
-- add_index(:allsales, :plu)
   -> 0.0481s
-- add_index(:allsales, :type)
   -> 0.0440s
-- add_index(:allsales, :date)
   -> 0.0449s
-- add_index(:allsales, :description)
   -> 0.0539s
-- add_index(:allsales, [:plu, :type])
   -> 0.0486s
-- change_table(:allsales)
   -> 6.5169s
-- drop_table(:allsales)
   -> 0.0490s
-- create_table("allsales")
   -> 0.0315s
-- add_column(:allsales, :created_at, :datetime)
   -> 0.0451s
-- add_column(:allsales, :lmmcomp, :tinyint)
   -> 0.0367s
-- add_column(:allsales, :lmsm, :tinyint)
   -> 0.0315s
-- add_column(:allsales, :imovoqty, :int)
   -> 0.0323s
-- add_index(:allsales, :plu)
   -> 0.0469s
-- add_index(:allsales, :type)
   -> 0.0422s
-- add_index(:allsales, :date)
   -> 0.0435s
-- add_index(:allsales, :description)
   -> 0.0479s
-- add_index(:allsales, [:plu, :type])
   -> 0.0526s
-- change_table(:allsales)
   -> 6.7699s
