hvs_migration_archive_sales.rb:30:in `block (2 levels) in up': undefined method `to_datetime' for nil:NilClass (NoMethodError)
	from /home/jon/.gem/ruby/2.0/gems/dbf-3.0.5/lib/dbf/table.rb:113:in `block in each'
	from /home/jon/.gem/ruby/2.0/gems/dbf-3.0.5/lib/dbf/table.rb:113:in `times'
	from /home/jon/.gem/ruby/2.0/gems/dbf-3.0.5/lib/dbf/table.rb:113:in `each'
	from hvs_migration_archive_sales.rb:29:in `block in up'
	from hvs_migration_archive_sales.rb:27:in `each'
	from hvs_migration_archive_sales.rb:27:in `up'
	from hvs_migration_archive_sales.rb:66:in `<main>'
-- drop_table(:archivesales)
   -> 0.1485s
-- create_table("archivesales")
   -> 0.0234s
-- add_column(:archivesales, :created_at, :datetime)
   -> 0.0244s
-- add_column(:archivesales, :lmmcomp, :tinyint)
   -> 0.0226s
-- add_column(:archivesales, :lmsm, :tinyint)
   -> 0.0233s
-- add_column(:archivesales, :imovoqty, :int)
   -> 0.0312s
