2017-03-05 12:07:19[WARN] user: jon
/barcodereport
N+1 Query detected
  Stockalt => [:stock]
  Add to your finder: :includes => [:stock]
N+1 Query method call stack
  /home/hvsepos/hvseposapp/routes/barcodereport_controller.rb:17:in `block (2 levels) in <class:BarcodeReportController>'
  /home/hvsepos/hvseposapp/routes/barcodereport_controller.rb:16:in `block in <class:BarcodeReportController>'

/home/hvsepos/hvseposapp/routes/barcodereport_controller.rb:17:in `block (2 levels) in <class:BarcodeReportController>'
/home/hvsepos/hvseposapp/routes/barcodereport_controller.rb:16:in `block in <class:BarcodeReportController>'2017-03-05 12:10:32[WARN] user: jon
/barcodereport
N+1 Query detected
  Stockalt => [:stock]
  Add to your finder: :includes => [:stock]
N+1 Query method call stack
  /home/hvsepos/hvseposapp/routes/barcodereport_controller.rb:17:in `block (2 levels) in <class:BarcodeReportController>'
  /home/hvsepos/hvseposapp/routes/barcodereport_controller.rb:16:in `block in <class:BarcodeReportController>'

/home/hvsepos/hvseposapp/routes/barcodereport_controller.rb:17:in `block (2 levels) in <class:BarcodeReportController>'
/home/hvsepos/hvseposapp/routes/barcodereport_controller.rb:16:in `block in <class:BarcodeReportController>'2017-03-05 12:10:35[WARN] user: jon
/barcodereport
N+1 Query detected
  Stockalt => [:stock]
  Add to your finder: :includes => [:stock]
N+1 Query method call stack
  /home/hvsepos/hvseposapp/routes/barcodereport_controller.rb:17:in `block (2 levels) in <class:BarcodeReportController>'
  /home/hvsepos/hvseposapp/routes/barcodereport_controller.rb:16:in `block in <class:BarcodeReportController>'

/home/hvsepos/hvseposapp/routes/barcodereport_controller.rb:17:in `block (2 levels) in <class:BarcodeReportController>'
/home/hvsepos/hvseposapp/routes/barcodereport_controller.rb:16:in `block in <class:BarcodeReportController>'2017-03-05 12:17:58[WARN] user: jon
/barcodereport
N+1 Query detected
  Stockalt => [:stock]
  Add to your finder: :includes => [:stock]
N+1 Query method call stack
  /home/hvsepos/hvseposapp/routes/barcodereport_controller.rb:17:in `block (2 levels) in <class:BarcodeReportController>'
  /home/hvsepos/hvseposapp/routes/barcodereport_controller.rb:16:in `block in <class:BarcodeReportController>'

/home/hvsepos/hvseposapp/routes/barcodereport_controller.rb:17:in `block (2 levels) in <class:BarcodeReportController>'
/home/hvsepos/hvseposapp/routes/barcodereport_controller.rb:16:in `block in <class:BarcodeReportController>'2017-03-05 12:18:07[WARN] user: jon
/barcodereport
N+1 Query detected
  Stockalt => [:stock]
  Add to your finder: :includes => [:stock]
N+1 Query method call stack
  /home/hvsepos/hvseposapp/routes/barcodereport_controller.rb:17:in `block (2 levels) in <class:BarcodeReportController>'
  /home/hvsepos/hvseposapp/routes/barcodereport_controller.rb:16:in `block in <class:BarcodeReportController>'

/home/hvsepos/hvseposapp/routes/barcodereport_controller.rb:17:in `block (2 levels) in <class:BarcodeReportController>'
/home/hvsepos/hvseposapp/routes/barcodereport_controller.rb:16:in `block in <class:BarcodeReportController>'2017-03-05 12:18:10[WARN] user: jon
/barcodereport
N+1 Query detected
  Stockalt => [:stock]
  Add to your finder: :includes => [:stock]
N+1 Query method call stack
  /home/hvsepos/hvseposapp/routes/barcodereport_controller.rb:17:in `block (2 levels) in <class:BarcodeReportController>'
  /home/hvsepos/hvseposapp/routes/barcodereport_controller.rb:16:in `block in <class:BarcodeReportController>'

/home/hvsepos/hvseposapp/routes/barcodereport_controller.rb:17:in `block (2 levels) in <class:BarcodeReportController>'
/home/hvsepos/hvseposapp/routes/barcodereport_controller.rb:16:in `block in <class:BarcodeReportController>'2017-03-05 12:21:23[WARN] user: jon
/barcodereport
N+1 Query detected
  Stockalt => [:stock]
  Add to your finder: :includes => [:stock]
N+1 Query method call stack
  /home/hvsepos/hvseposapp/routes/barcodereport_controller.rb:17:in `block (2 levels) in <class:BarcodeReportController>'
  /home/hvsepos/hvseposapp/routes/barcodereport_controller.rb:16:in `block in <class:BarcodeReportController>'

/home/hvsepos/hvseposapp/routes/barcodereport_controller.rb:17:in `block (2 levels) in <class:BarcodeReportController>'
/home/hvsepos/hvseposapp/routes/barcodereport_controller.rb:16:in `block in <class:BarcodeReportController>'2017-03-05 12:21:30[WARN] user: jon
/barcodereport?plu=
N+1 Query detected
  Stockalt => [:stock]
  Add to your finder: :includes => [:stock]
N+1 Query method call stack
  /home/hvsepos/hvseposapp/routes/barcodereport_controller.rb:17:in `block (2 levels) in <class:BarcodeReportController>'
  /home/hvsepos/hvseposapp/routes/barcodereport_controller.rb:16:in `block in <class:BarcodeReportController>'

/home/hvsepos/hvseposapp/routes/barcodereport_controller.rb:17:in `block (2 levels) in <class:BarcodeReportController>'
/home/hvsepos/hvseposapp/routes/barcodereport_controller.rb:16:in `block in <class:BarcodeReportController>'2017-03-05 12:21:52[WARN] user: jon
/barcodereport?plu=
N+1 Query detected
  Stockalt => [:stock]
  Add to your finder: :includes => [:stock]
N+1 Query method call stack
  /home/hvsepos/hvseposapp/routes/barcodereport_controller.rb:17:in `block (2 levels) in <class:BarcodeReportController>'
  /home/hvsepos/hvseposapp/routes/barcodereport_controller.rb:16:in `block in <class:BarcodeReportController>'

/home/hvsepos/hvseposapp/routes/barcodereport_controller.rb:17:in `block (2 levels) in <class:BarcodeReportController>'
/home/hvsepos/hvseposapp/routes/barcodereport_controller.rb:16:in `block in <class:BarcodeReportController>'2017-03-05 12:21:54[WARN] user: jon
/barcodereport?plu=5199999901186
N+1 Query detected
  Stockalt => [:stock]
  Add to your finder: :includes => [:stock]
N+1 Query method call stack
  /home/hvsepos/hvseposapp/routes/barcodereport_controller.rb:17:in `block (2 levels) in <class:BarcodeReportController>'
  /home/hvsepos/hvseposapp/routes/barcodereport_controller.rb:16:in `block in <class:BarcodeReportController>'

/home/hvsepos/hvseposapp/routes/barcodereport_controller.rb:17:in `block (2 levels) in <class:BarcodeReportController>'
/home/hvsepos/hvseposapp/routes/barcodereport_controller.rb:16:in `block in <class:BarcodeReportController>'2017-03-05 12:55:07[WARN] user: jon
/barcodereport?plu=5199999901186
N+1 Query detected
  Stockalt => [:stock]
  Add to your finder: :includes => [:stock]
N+1 Query method call stack
  /home/hvsepos/hvseposapp/routes/barcodereport_controller.rb:17:in `block (2 levels) in <class:BarcodeReportController>'
  /home/hvsepos/hvseposapp/routes/barcodereport_controller.rb:16:in `block in <class:BarcodeReportController>'

/home/hvsepos/hvseposapp/routes/barcodereport_controller.rb:17:in `block (2 levels) in <class:BarcodeReportController>'
/home/hvsepos/hvseposapp/routes/barcodereport_controller.rb:16:in `block in <class:BarcodeReportController>'2017-03-05 12:58:02[WARN] user: jon
/barcodereport
N+1 Query detected
  Stockalt => [:stock]
  Add to your finder: :includes => [:stock]
N+1 Query method call stack
  /home/hvsepos/hvseposapp/routes/barcodereport_controller.rb:17:in `block (2 levels) in <class:BarcodeReportController>'
  /home/hvsepos/hvseposapp/routes/barcodereport_controller.rb:16:in `block in <class:BarcodeReportController>'

/home/hvsepos/hvseposapp/routes/barcodereport_controller.rb:17:in `block (2 levels) in <class:BarcodeReportController>'
/home/hvsepos/hvseposapp/routes/barcodereport_controller.rb:16:in `block in <class:BarcodeReportController>'2017-03-05 12:59:36[WARN] user: jon
/barcodereport
N+1 Query detected
  Stockalt => [:stock]
  Add to your finder: :includes => [:stock]
N+1 Query method call stack
  /home/hvsepos/hvseposapp/routes/barcodereport_controller.rb:17:in `block (2 levels) in <class:BarcodeReportController>'
  /home/hvsepos/hvseposapp/routes/barcodereport_controller.rb:16:in `block in <class:BarcodeReportController>'

/home/hvsepos/hvseposapp/routes/barcodereport_controller.rb:17:in `block (2 levels) in <class:BarcodeReportController>'
/home/hvsepos/hvseposapp/routes/barcodereport_controller.rb:16:in `block in <class:BarcodeReportController>'2017-03-05 12:59:38[WARN] user: jon
/barcodereport
N+1 Query detected
  Stockalt => [:stock]
  Add to your finder: :includes => [:stock]
N+1 Query method call stack
  /home/hvsepos/hvseposapp/routes/barcodereport_controller.rb:17:in `block (2 levels) in <class:BarcodeReportController>'
  /home/hvsepos/hvseposapp/routes/barcodereport_controller.rb:16:in `block in <class:BarcodeReportController>'

/home/hvsepos/hvseposapp/routes/barcodereport_controller.rb:17:in `block (2 levels) in <class:BarcodeReportController>'
/home/hvsepos/hvseposapp/routes/barcodereport_controller.rb:16:in `block in <class:BarcodeReportController>'2017-03-05 13:02:07[WARN] user: jon
/barcodereport
N+1 Query detected
  Stockalt => [:stock]
  Add to your finder: :includes => [:stock]
N+1 Query method call stack
  /home/hvsepos/hvseposapp/routes/barcodereport_controller.rb:17:in `block (2 levels) in <class:BarcodeReportController>'
  /home/hvsepos/hvseposapp/routes/barcodereport_controller.rb:16:in `block in <class:BarcodeReportController>'

/home/hvsepos/hvseposapp/routes/barcodereport_controller.rb:17:in `block (2 levels) in <class:BarcodeReportController>'
/home/hvsepos/hvseposapp/routes/barcodereport_controller.rb:16:in `block in <class:BarcodeReportController>'2017-03-05 13:02:07[WARN] user: jon
/barcodereport
N+1 Query detected
  Stockalt => [:stock]
  Add to your finder: :includes => [:stock]
N+1 Query method call stack
  /home/hvsepos/hvseposapp/routes/barcodereport_controller.rb:17:in `block (2 levels) in <class:BarcodeReportController>'
  /home/hvsepos/hvseposapp/routes/barcodereport_controller.rb:16:in `block in <class:BarcodeReportController>'

/home/hvsepos/hvseposapp/routes/barcodereport_controller.rb:17:in `block (2 levels) in <class:BarcodeReportController>'
/home/hvsepos/hvseposapp/routes/barcodereport_controller.rb:16:in `block in <class:BarcodeReportController>'2017-03-05 13:05:03[WARN] user: jon
/barcodereport
N+1 Query detected
  Stockalt => [:stock]
  Add to your finder: :includes => [:stock]
N+1 Query method call stack
  /home/hvsepos/hvseposapp/routes/barcodereport_controller.rb:17:in `block (2 levels) in <class:BarcodeReportController>'
  /home/hvsepos/hvseposapp/routes/barcodereport_controller.rb:16:in `block in <class:BarcodeReportController>'

/home/hvsepos/hvseposapp/routes/barcodereport_controller.rb:17:in `block (2 levels) in <class:BarcodeReportController>'
/home/hvsepos/hvseposapp/routes/barcodereport_controller.rb:16:in `block in <class:BarcodeReportController>'2017-03-05 13:17:07[WARN] user: jon
/barcodereport
N+1 Query detected
  Stockalt => [:stock]
  Add to your finder: :includes => [:stock]
N+1 Query method call stack
  /home/hvsepos/hvseposapp/routes/barcodereport_controller.rb:17:in `block (2 levels) in <class:BarcodeReportController>'
  /home/hvsepos/hvseposapp/routes/barcodereport_controller.rb:16:in `block in <class:BarcodeReportController>'

/home/hvsepos/hvseposapp/routes/barcodereport_controller.rb:17:in `block (2 levels) in <class:BarcodeReportController>'
/home/hvsepos/hvseposapp/routes/barcodereport_controller.rb:16:in `block in <class:BarcodeReportController>'2017-03-05 13:17:07[WARN] user: jon
/barcodereport
N+1 Query detected
  Stockalt => [:stock]
  Add to your finder: :includes => [:stock]
N+1 Query method call stack
  /home/hvsepos/hvseposapp/routes/barcodereport_controller.rb:17:in `block (2 levels) in <class:BarcodeReportController>'
  /home/hvsepos/hvseposapp/routes/barcodereport_controller.rb:16:in `block in <class:BarcodeReportController>'

/home/hvsepos/hvseposapp/routes/barcodereport_controller.rb:17:in `block (2 levels) in <class:BarcodeReportController>'
/home/hvsepos/hvseposapp/routes/barcodereport_controller.rb:16:in `block in <class:BarcodeReportController>'2017-03-05 13:17:13[WARN] user: jon
/barcodereporttest
N+1 Query detected
  Stockalt => [:stock]
  Add to your finder: :includes => [:stock]
N+1 Query method call stack
  /home/hvsepos/hvseposapp/routes/barcodereport_controller.rb:17:in `block (2 levels) in <class:BarcodeReportController>'
  /home/hvsepos/hvseposapp/routes/barcodereport_controller.rb:16:in `block in <class:BarcodeReportController>'

/home/hvsepos/hvseposapp/routes/barcodereport_controller.rb:17:in `block (2 levels) in <class:BarcodeReportController>'
/home/hvsepos/hvseposapp/routes/barcodereport_controller.rb:16:in `block in <class:BarcodeReportController>'2017-03-05 13:18:23[WARN] user: jon
/barcodereporttest
N+1 Query detected
  Stockalt => [:stock]
  Add to your finder: :includes => [:stock]
N+1 Query method call stack
  /home/hvsepos/hvseposapp/routes/barcodereport_controller.rb:17:in `block (2 levels) in <class:BarcodeReportController>'
  /home/hvsepos/hvseposapp/routes/barcodereport_controller.rb:16:in `block in <class:BarcodeReportController>'

/home/hvsepos/hvseposapp/routes/barcodereport_controller.rb:17:in `block (2 levels) in <class:BarcodeReportController>'
/home/hvsepos/hvseposapp/routes/barcodereport_controller.rb:16:in `block in <class:BarcodeReportController>'2017-03-05 13:18:26[WARN] user: jon
/barcodereporttest
N+1 Query detected
  Stockalt => [:stock]
  Add to your finder: :includes => [:stock]
N+1 Query method call stack
  /home/hvsepos/hvseposapp/routes/barcodereport_controller.rb:17:in `block (2 levels) in <class:BarcodeReportController>'
  /home/hvsepos/hvseposapp/routes/barcodereport_controller.rb:16:in `block in <class:BarcodeReportController>'

/home/hvsepos/hvseposapp/routes/barcodereport_controller.rb:17:in `block (2 levels) in <class:BarcodeReportController>'
/home/hvsepos/hvseposapp/routes/barcodereport_controller.rb:16:in `block in <class:BarcodeReportController>'2017-03-05 13:18:27[WARN] user: jon
/barcodereport
N+1 Query detected
  Stockalt => [:stock]
  Add to your finder: :includes => [:stock]
N+1 Query method call stack
  /home/hvsepos/hvseposapp/routes/barcodereport_controller.rb:17:in `block (2 levels) in <class:BarcodeReportController>'
  /home/hvsepos/hvseposapp/routes/barcodereport_controller.rb:16:in `block in <class:BarcodeReportController>'

/home/hvsepos/hvseposapp/routes/barcodereport_controller.rb:17:in `block (2 levels) in <class:BarcodeReportController>'
/home/hvsepos/hvseposapp/routes/barcodereport_controller.rb:16:in `block in <class:BarcodeReportController>'2017-03-05 13:18:27[WARN] user: jon
/barcodereport
N+1 Query detected
  Stockalt => [:stock]
  Add to your finder: :includes => [:stock]
N+1 Query method call stack
  /home/hvsepos/hvseposapp/routes/barcodereport_controller.rb:17:in `block (2 levels) in <class:BarcodeReportController>'
  /home/hvsepos/hvseposapp/routes/barcodereport_controller.rb:16:in `block in <class:BarcodeReportController>'

/home/hvsepos/hvseposapp/routes/barcodereport_controller.rb:17:in `block (2 levels) in <class:BarcodeReportController>'
/home/hvsepos/hvseposapp/routes/barcodereport_controller.rb:16:in `block in <class:BarcodeReportController>'2017-03-05 13:23:36[WARN] user: jon
/barcodereport
N+1 Query detected
  Stockalt => [:stock]
  Add to your finder: :includes => [:stock]
N+1 Query method call stack
  /home/hvsepos/hvseposapp/routes/barcodereport_controller.rb:17:in `block (2 levels) in <class:BarcodeReportController>'
  /home/hvsepos/hvseposapp/routes/barcodereport_controller.rb:16:in `block in <class:BarcodeReportController>'

/home/hvsepos/hvseposapp/routes/barcodereport_controller.rb:17:in `block (2 levels) in <class:BarcodeReportController>'
/home/hvsepos/hvseposapp/routes/barcodereport_controller.rb:16:in `block in <class:BarcodeReportController>'2017-03-05 13:28:37[WARN] user: jon
/barcodereport
N+1 Query detected
  Stockalt => [:stock]
  Add to your finder: :includes => [:stock]
N+1 Query method call stack
  /home/hvsepos/hvseposapp/routes/barcodereport_controller.rb:17:in `block (2 levels) in <class:BarcodeReportController>'
  /home/hvsepos/hvseposapp/routes/barcodereport_controller.rb:16:in `block in <class:BarcodeReportController>'

/home/hvsepos/hvseposapp/routes/barcodereport_controller.rb:17:in `block (2 levels) in <class:BarcodeReportController>'
/home/hvsepos/hvseposapp/routes/barcodereport_controller.rb:16:in `block in <class:BarcodeReportController>'2017-03-05 16:59:26[WARN] user: jon
/barcodereport
N+1 Query detected
  Stockalt => [:stock]
  Add to your finder: :includes => [:stock]
N+1 Query method call stack
  /home/hvsepos/hvseposapp/routes/barcodereport_controller.rb:17:in `block (2 levels) in <class:BarcodeReportController>'
  /home/hvsepos/hvseposapp/routes/barcodereport_controller.rb:16:in `block in <class:BarcodeReportController>'

/home/hvsepos/hvseposapp/routes/barcodereport_controller.rb:17:in `block (2 levels) in <class:BarcodeReportController>'
/home/hvsepos/hvseposapp/routes/barcodereport_controller.rb:16:in `block in <class:BarcodeReportController>'2017-03-05 17:05:48[WARN] user: jon
/barcodereport
N+1 Query detected
  Stockalt => [:stock]
  Add to your finder: :includes => [:stock]
N+1 Query method call stack
  /home/hvsepos/hvseposapp/routes/barcodereport_controller.rb:17:in `block (2 levels) in <class:BarcodeReportController>'
  /home/hvsepos/hvseposapp/routes/barcodereport_controller.rb:16:in `block in <class:BarcodeReportController>'

/home/hvsepos/hvseposapp/routes/barcodereport_controller.rb:17:in `block (2 levels) in <class:BarcodeReportController>'
/home/hvsepos/hvseposapp/routes/barcodereport_controller.rb:16:in `block in <class:BarcodeReportController>'2017-03-05 17:07:56[WARN] user: jon
/barcodereport
N+1 Query detected
  Stockalt => [:stock]
  Add to your finder: :includes => [:stock]
N+1 Query method call stack
  /home/hvsepos/hvseposapp/routes/barcodereport_controller.rb:17:in `block (2 levels) in <class:BarcodeReportController>'
  /home/hvsepos/hvseposapp/routes/barcodereport_controller.rb:16:in `block in <class:BarcodeReportController>'

/home/hvsepos/hvseposapp/routes/barcodereport_controller.rb:17:in `block (2 levels) in <class:BarcodeReportController>'
/home/hvsepos/hvseposapp/routes/barcodereport_controller.rb:16:in `block in <class:BarcodeReportController>'2017-03-05 17:27:56[WARN] user: jon
/barcodereport
N+1 Query detected
  Stockalt => [:stock]
  Add to your finder: :includes => [:stock]
N+1 Query method call stack
  /home/hvsepos/hvseposapp/routes/barcodereport_controller.rb:17:in `block (2 levels) in <class:BarcodeReportController>'
  /home/hvsepos/hvseposapp/routes/barcodereport_controller.rb:16:in `block in <class:BarcodeReportController>'

/home/hvsepos/hvseposapp/routes/barcodereport_controller.rb:17:in `block (2 levels) in <class:BarcodeReportController>'
/home/hvsepos/hvseposapp/routes/barcodereport_controller.rb:16:in `block in <class:BarcodeReportController>'2017-03-05 17:34:08[WARN] user: jon
/barcodereport
N+1 Query detected
  Stockalt => [:stock]
  Add to your finder: :includes => [:stock]
N+1 Query method call stack
  /home/hvsepos/hvseposapp/routes/barcodereport_controller.rb:17:in `block (2 levels) in <class:BarcodeReportController>'
  /home/hvsepos/hvseposapp/routes/barcodereport_controller.rb:16:in `block in <class:BarcodeReportController>'

/home/hvsepos/hvseposapp/routes/barcodereport_controller.rb:17:in `block (2 levels) in <class:BarcodeReportController>'
/home/hvsepos/hvseposapp/routes/barcodereport_controller.rb:16:in `block in <class:BarcodeReportController>'2017-03-05 19:57:18[WARN] user: jon
/barcodereport
N+1 Query detected
  Stockalt => [:stock]
  Add to your finder: :includes => [:stock]
N+1 Query method call stack
  /home/hvsepos/hvseposapp/routes/barcodereport_controller.rb:17:in `block (2 levels) in <class:BarcodeReportController>'
  /home/hvsepos/hvseposapp/routes/barcodereport_controller.rb:16:in `block in <class:BarcodeReportController>'

/home/hvsepos/hvseposapp/routes/barcodereport_controller.rb:17:in `block (2 levels) in <class:BarcodeReportController>'
/home/hvsepos/hvseposapp/routes/barcodereport_controller.rb:16:in `block in <class:BarcodeReportController>'2017-03-08 10:52:04[WARN] user: jon
/barcodereport
N+1 Query detected
  Stockalt => [:stock]
  Add to your finder: :includes => [:stock]
N+1 Query method call stack
  /home/hvsepos/hvseposapp/routes/barcodereport_controller.rb:17:in `block (2 levels) in <class:BarcodeReportController>'
  /home/hvsepos/hvseposapp/routes/barcodereport_controller.rb:16:in `block in <class:BarcodeReportController>'

/home/hvsepos/hvseposapp/routes/barcodereport_controller.rb:17:in `block (2 levels) in <class:BarcodeReportController>'
/home/hvsepos/hvseposapp/routes/barcodereport_controller.rb:16:in `block in <class:BarcodeReportController>'2017-03-08 10:52:40[WARN] user: jon
/barcodereport
N+1 Query detected
  Stockalt => [:stock]
  Add to your finder: :includes => [:stock]
N+1 Query method call stack
  /home/hvsepos/hvseposapp/routes/barcodereport_controller.rb:17:in `block (2 levels) in <class:BarcodeReportController>'
  /home/hvsepos/hvseposapp/routes/barcodereport_controller.rb:16:in `block in <class:BarcodeReportController>'

/home/hvsepos/hvseposapp/routes/barcodereport_controller.rb:17:in `block (2 levels) in <class:BarcodeReportController>'
/home/hvsepos/hvseposapp/routes/barcodereport_controller.rb:16:in `block in <class:BarcodeReportController>'2017-03-08 12:25:41[WARN] user: jon
/barcodereport
N+1 Query detected
  Stockalt => [:stock]
  Add to your finder: :includes => [:stock]
N+1 Query method call stack
  /home/hvsepos/hvseposapp/routes/barcodereport_controller.rb:17:in `block (2 levels) in <class:BarcodeReportController>'
  /home/hvsepos/hvseposapp/routes/barcodereport_controller.rb:16:in `block in <class:BarcodeReportController>'

/home/hvsepos/hvseposapp/routes/barcodereport_controller.rb:17:in `block (2 levels) in <class:BarcodeReportController>'
/home/hvsepos/hvseposapp/routes/barcodereport_controller.rb:16:in `block in <class:BarcodeReportController>'2017-03-10 18:33:00[WARN] user: jon
/barcodereport
N+1 Query detected
  Stockalt => [:stock]
  Add to your finder: :includes => [:stock]
N+1 Query method call stack
  /home/hvsepos/hvseposapp/routes/barcodereport_controller.rb:17:in `block (2 levels) in <class:BarcodeReportController>'
  /home/hvsepos/hvseposapp/routes/barcodereport_controller.rb:16:in `block in <class:BarcodeReportController>'

/home/hvsepos/hvseposapp/routes/barcodereport_controller.rb:17:in `block (2 levels) in <class:BarcodeReportController>'
/home/hvsepos/hvseposapp/routes/barcodereport_controller.rb:16:in `block in <class:BarcodeReportController>'2017-03-12 09:02:07[WARN] user: jon
/barcodereport
N+1 Query detected
  Stockalt => [:stock]
  Add to your finder: :includes => [:stock]
N+1 Query method call stack
  /home/hvsepos/hvseposapp/routes/barcodereport_controller.rb:17:in `block (2 levels) in <class:BarcodeReportController>'
  /home/hvsepos/hvseposapp/routes/barcodereport_controller.rb:16:in `block in <class:BarcodeReportController>'

/home/hvsepos/hvseposapp/routes/barcodereport_controller.rb:17:in `block (2 levels) in <class:BarcodeReportController>'
/home/hvsepos/hvseposapp/routes/barcodereport_controller.rb:16:in `block in <class:BarcodeReportController>'2017-03-12 14:44:00[WARN] user: jon
/barcodereport
N+1 Query detected
  Stockalt => [:stock]
  Add to your finder: :includes => [:stock]
N+1 Query method call stack
  /home/hvsepos/hvseposapp/routes/barcodereport_controller.rb:17:in `block (2 levels) in <class:BarcodeReportController>'
  /home/hvsepos/hvseposapp/routes/barcodereport_controller.rb:16:in `block in <class:BarcodeReportController>'

/home/hvsepos/hvseposapp/routes/barcodereport_controller.rb:17:in `block (2 levels) in <class:BarcodeReportController>'
/home/hvsepos/hvseposapp/routes/barcodereport_controller.rb:16:in `block in <class:BarcodeReportController>'2017-03-22 17:54:48[WARN] user: jon
/barcodereport
N+1 Query detected
  Stockalt => [:stock]
  Add to your finder: :includes => [:stock]
N+1 Query method call stack
  /home/hvsepos/hvseposapp/routes/barcodereport_controller.rb:17:in `block (2 levels) in <class:BarcodeReportController>'
  /home/hvsepos/hvseposapp/routes/barcodereport_controller.rb:16:in `block in <class:BarcodeReportController>'

/home/hvsepos/hvseposapp/routes/barcodereport_controller.rb:17:in `block (2 levels) in <class:BarcodeReportController>'
/home/hvsepos/hvseposapp/routes/barcodereport_controller.rb:16:in `block in <class:BarcodeReportController>'2017-03-23 14:02:07[WARN] user: jon
/barcodereport
N+1 Query detected
  Stockalt => [:stock]
  Add to your finder: :includes => [:stock]
N+1 Query method call stack
  /home/hvsepos/hvseposapp/routes/barcodereport_controller.rb:17:in `block (2 levels) in <class:BarcodeReportController>'
  /home/hvsepos/hvseposapp/routes/barcodereport_controller.rb:16:in `block in <class:BarcodeReportController>'

/home/hvsepos/hvseposapp/routes/barcodereport_controller.rb:17:in `block (2 levels) in <class:BarcodeReportController>'
/home/hvsepos/hvseposapp/routes/barcodereport_controller.rb:16:in `block in <class:BarcodeReportController>'