/bin/bash: script/runner: No such file or directory
/bin/bash: script/runner: No such file or directory
/bin/bash: script/runner: No such file or directory
/usr/bin/ruby: Can't chdir to /home/hvsepoa/hvseposapp/scripts/hvs_migration_sales.rb (fatal)
/usr/bin/ruby: Can't chdir to /home/hvsepos/hvseposapp/scripts/hvs_migration_sales.rb (fatal)
-- drop_table(:sales)
   -> 0.0389s
-- create_table("sales")
   -> 0.0153s
-- add_index(:sales, :plu)
   -> 0.0301s
-- add_index(:sales, :type)
   -> 0.0336s
-- drop_table(:sales)
   -> 0.0137s
-- create_table("sales")
   -> 0.0185s
-- add_index(:sales, :plu)
   -> 0.0328s
-- add_index(:sales, :type)
   -> 0.0293s
-- drop_table(:sales)
   -> 0.0090s
-- create_table("sales")
   -> 0.0091s
-- add_index(:sales, :plu)
   -> 0.0331s
-- add_index(:sales, :type)
   -> 0.0294s
-- drop_table(:sales)
   -> 0.0086s
-- create_table("sales")
   -> 0.0089s
-- add_index(:sales, :plu)
   -> 0.0304s
-- add_index(:sales, :type)
   -> 0.0294s
-- drop_table(:sales)
   -> 0.0131s
-- create_table("sales")
   -> 0.0090s
-- add_index(:sales, :plu)
   -> 0.0332s
-- add_index(:sales, :type)
   -> 0.0329s
-- drop_table(:sales)
   -> 0.0331s
-- create_table("sales")
   -> 0.0201s
-- add_index(:sales, :plu)
   -> 0.0301s
-- add_index(:sales, :type)
   -> 0.0291s
-- drop_table(:sales)
   -> 0.0213s
-- create_table("sales")
   -> 0.0190s
-- add_index(:sales, :plu)
   -> 0.0300s
-- add_index(:sales, :type)
   -> 0.0336s
-- drop_table(:sales)
   -> 0.0293s
-- create_table("sales")
   -> 0.0300s
-- add_index(:sales, :plu)
   -> 0.0294s
-- add_index(:sales, :type)
   -> 0.0289s
-- drop_table(:sales)
   -> 0.0183s
-- create_table("sales")
   -> 0.0237s
-- add_index(:sales, :plu)
   -> 0.0305s
-- add_index(:sales, :type)
   -> 0.0299s
-- drop_table(:sales)
   -> 0.0131s
-- create_table("sales")
   -> 0.0147s
-- add_index(:sales, :plu)
   -> 0.0300s
-- add_index(:sales, :type)
   -> 0.0323s
-- drop_table(:sales)
   -> 0.0176s
-- create_table("sales")
   -> 0.0214s
-- add_index(:sales, :plu)
   -> 0.0305s
-- add_index(:sales, :type)
   -> 0.0294s
hvs_migration_sales.rb:28:in `block in up': undefined method `type' for nil:NilClass (NoMethodError)
	from /home/jon/.gem/ruby/2.0/gems/dbf-3.0.5/lib/dbf/table.rb:113:in `block in each'
	from /home/jon/.gem/ruby/2.0/gems/dbf-3.0.5/lib/dbf/table.rb:113:in `times'
	from /home/jon/.gem/ruby/2.0/gems/dbf-3.0.5/lib/dbf/table.rb:113:in `each'
	from hvs_migration_sales.rb:27:in `up'
	from hvs_migration_sales.rb:40:in `<main>'
-- drop_table(:sales)
   -> 0.0155s
-- create_table("sales")
   -> 0.0173s
hvs_migration_sales.rb:28:in `block in up': undefined method `type' for nil:NilClass (NoMethodError)
	from /home/jon/.gem/ruby/2.0/gems/dbf-3.0.5/lib/dbf/table.rb:113:in `block in each'
	from /home/jon/.gem/ruby/2.0/gems/dbf-3.0.5/lib/dbf/table.rb:113:in `times'
	from /home/jon/.gem/ruby/2.0/gems/dbf-3.0.5/lib/dbf/table.rb:113:in `each'
	from hvs_migration_sales.rb:27:in `up'
	from hvs_migration_sales.rb:40:in `<main>'
-- drop_table(:sales)
   -> 0.0119s
-- create_table("sales")
   -> 0.0089s
hvs_migration_sales.rb:28:in `block in up': undefined method `type' for nil:NilClass (NoMethodError)
	from /home/jon/.gem/ruby/2.0/gems/dbf-3.0.5/lib/dbf/table.rb:113:in `block in each'
	from /home/jon/.gem/ruby/2.0/gems/dbf-3.0.5/lib/dbf/table.rb:113:in `times'
	from /home/jon/.gem/ruby/2.0/gems/dbf-3.0.5/lib/dbf/table.rb:113:in `each'
	from hvs_migration_sales.rb:27:in `up'
	from hvs_migration_sales.rb:40:in `<main>'
-- drop_table(:sales)
   -> 0.0155s
-- create_table("sales")
   -> 0.0206s
hvs_migration_sales.rb:28:in `block in up': undefined method `type' for nil:NilClass (NoMethodError)
	from /home/jon/.gem/ruby/2.0/gems/dbf-3.0.5/lib/dbf/table.rb:113:in `block in each'
	from /home/jon/.gem/ruby/2.0/gems/dbf-3.0.5/lib/dbf/table.rb:113:in `times'
	from /home/jon/.gem/ruby/2.0/gems/dbf-3.0.5/lib/dbf/table.rb:113:in `each'
	from hvs_migration_sales.rb:27:in `up'
	from hvs_migration_sales.rb:40:in `<main>'
-- drop_table(:sales)
   -> 0.0122s
-- create_table("sales")
   -> 0.0181s
hvs_migration_sales.rb:28:in `block in up': undefined method `type' for nil:NilClass (NoMethodError)
	from /home/jon/.gem/ruby/2.0/gems/dbf-3.0.5/lib/dbf/table.rb:113:in `block in each'
	from /home/jon/.gem/ruby/2.0/gems/dbf-3.0.5/lib/dbf/table.rb:113:in `times'
	from /home/jon/.gem/ruby/2.0/gems/dbf-3.0.5/lib/dbf/table.rb:113:in `each'
	from hvs_migration_sales.rb:27:in `up'
	from hvs_migration_sales.rb:40:in `<main>'
-- drop_table(:sales)
   -> 0.0209s
-- create_table("sales")
   -> 0.0236s
hvs_migration_sales.rb:28:in `block in up': undefined method `type' for nil:NilClass (NoMethodError)
	from /home/jon/.gem/ruby/2.0/gems/dbf-3.0.5/lib/dbf/table.rb:113:in `block in each'
	from /home/jon/.gem/ruby/2.0/gems/dbf-3.0.5/lib/dbf/table.rb:113:in `times'
	from /home/jon/.gem/ruby/2.0/gems/dbf-3.0.5/lib/dbf/table.rb:113:in `each'
	from hvs_migration_sales.rb:27:in `up'
	from hvs_migration_sales.rb:40:in `<main>'
-- drop_table(:sales)
   -> 0.0230s
-- create_table("sales")
   -> 0.0200s
hvs_migration_sales.rb:28:in `block in up': undefined method `type' for nil:NilClass (NoMethodError)
	from /home/jon/.gem/ruby/2.0/gems/dbf-3.0.5/lib/dbf/table.rb:113:in `block in each'
	from /home/jon/.gem/ruby/2.0/gems/dbf-3.0.5/lib/dbf/table.rb:113:in `times'
	from /home/jon/.gem/ruby/2.0/gems/dbf-3.0.5/lib/dbf/table.rb:113:in `each'
	from hvs_migration_sales.rb:27:in `up'
	from hvs_migration_sales.rb:40:in `<main>'
-- drop_table(:sales)
   -> 0.0119s
-- create_table("sales")
   -> 0.0165s
hvs_migration_sales.rb:28:in `block in up': undefined method `type' for nil:NilClass (NoMethodError)
	from /home/jon/.gem/ruby/2.0/gems/dbf-3.0.5/lib/dbf/table.rb:113:in `block in each'
	from /home/jon/.gem/ruby/2.0/gems/dbf-3.0.5/lib/dbf/table.rb:113:in `times'
	from /home/jon/.gem/ruby/2.0/gems/dbf-3.0.5/lib/dbf/table.rb:113:in `each'
	from hvs_migration_sales.rb:27:in `up'
	from hvs_migration_sales.rb:40:in `<main>'
-- drop_table(:sales)
   -> 0.0202s
-- create_table("sales")
   -> 0.0231s
hvs_migration_sales.rb:28:in `block in up': undefined method `type' for nil:NilClass (NoMethodError)
	from /home/jon/.gem/ruby/2.0/gems/dbf-3.0.5/lib/dbf/table.rb:113:in `block in each'
	from /home/jon/.gem/ruby/2.0/gems/dbf-3.0.5/lib/dbf/table.rb:113:in `times'
	from /home/jon/.gem/ruby/2.0/gems/dbf-3.0.5/lib/dbf/table.rb:113:in `each'
	from hvs_migration_sales.rb:27:in `up'
	from hvs_migration_sales.rb:40:in `<main>'
-- drop_table(:sales)
   -> 0.0125s
-- create_table("sales")
   -> 0.0156s
hvs_migration_sales.rb:28:in `block in up': undefined method `type' for nil:NilClass (NoMethodError)
	from /home/jon/.gem/ruby/2.0/gems/dbf-3.0.5/lib/dbf/table.rb:113:in `block in each'
	from /home/jon/.gem/ruby/2.0/gems/dbf-3.0.5/lib/dbf/table.rb:113:in `times'
	from /home/jon/.gem/ruby/2.0/gems/dbf-3.0.5/lib/dbf/table.rb:113:in `each'
	from hvs_migration_sales.rb:27:in `up'
	from hvs_migration_sales.rb:40:in `<main>'
-- drop_table(:sales)
   -> 0.0223s
-- create_table("sales")
   -> 0.0212s
hvs_migration_sales.rb:28:in `block in up': undefined method `type' for nil:NilClass (NoMethodError)
	from /home/jon/.gem/ruby/2.0/gems/dbf-3.0.5/lib/dbf/table.rb:113:in `block in each'
	from /home/jon/.gem/ruby/2.0/gems/dbf-3.0.5/lib/dbf/table.rb:113:in `times'
	from /home/jon/.gem/ruby/2.0/gems/dbf-3.0.5/lib/dbf/table.rb:113:in `each'
	from hvs_migration_sales.rb:27:in `up'
	from hvs_migration_sales.rb:40:in `<main>'
-- drop_table(:sales)
   -> 0.0265s
-- create_table("sales")
   -> 0.0379s
-- drop_table(:sales)
   -> 0.0139s
-- create_table("sales")
   -> 0.0175s
-- add_index(:sales, :plu)
   -> 0.0316s
-- add_index(:sales, :type)
   -> 0.0289s
-- drop_table(:sales)
   -> 0.0127s
-- create_table("sales")
   -> 0.0205s
-- add_index(:sales, :plu)
   -> 0.0310s
-- add_index(:sales, :type)
   -> 0.0295s
-- drop_table(:sales)
   -> 0.0147s
-- create_table("sales")
   -> 0.0185s
-- add_index(:sales, :plu)
   -> 0.0296s
-- add_index(:sales, :type)
   -> 0.0318s
-- drop_table(:sales)
   -> 0.0378s
-- create_table("sales")
   -> 0.0258s
-- add_index(:sales, :plu)
   -> 0.0296s
-- add_index(:sales, :type)
   -> 0.0291s
-- drop_table(:sales)
   -> 0.0250s
-- create_table("sales")
   -> 0.0180s
-- add_index(:sales, :plu)
   -> 0.0296s
-- add_index(:sales, :type)
   -> 0.0333s
-- drop_table(:sales)
   -> 0.0125s
-- create_table("sales")
   -> 0.0174s
-- add_index(:sales, :plu)
   -> 0.0293s
-- add_index(:sales, :type)
   -> 0.0294s
-- drop_table(:sales)
   -> 0.0129s
-- create_table("sales")
   -> 0.0199s
-- add_index(:sales, :plu)
   -> 0.0299s
-- add_index(:sales, :type)
   -> 0.0306s
-- drop_table(:sales)
   -> 0.0117s
-- create_table("sales")
   -> 0.0091s
-- add_index(:sales, :plu)
   -> 0.0299s
-- add_index(:sales, :type)
   -> 0.0293s
-- drop_table(:sales)
   -> 0.0119s
-- create_table("sales")
   -> 0.0093s
-- add_index(:sales, :plu)
   -> 0.0296s
-- add_index(:sales, :type)
   -> 0.0295s
-- drop_table(:sales)
   -> 0.0230s
-- create_table("sales")
   -> 0.0195s
-- add_index(:sales, :plu)
   -> 0.0296s
-- add_index(:sales, :type)
   -> 0.0285s
-- drop_table(:sales)
   -> 0.0094s
-- create_table("sales")
   -> 0.0094s
-- add_index(:sales, :plu)
   -> 0.0298s
-- add_index(:sales, :type)
   -> 0.0324s
-- drop_table(:sales)
   -> 0.0095s
-- create_table("sales")
   -> 0.0088s
-- add_index(:sales, :plu)
   -> 0.0296s
-- add_index(:sales, :type)
   -> 0.0284s
-- drop_table(:sales)
   -> 0.0117s
-- create_table("sales")
   -> 0.0168s
-- add_index(:sales, :plu)
   -> 0.0336s
-- add_index(:sales, :type)
   -> 0.0327s
-- drop_table(:sales)
   -> 0.0143s
-- create_table("sales")
   -> 0.0094s
-- add_index(:sales, :plu)
   -> 0.0302s
-- add_index(:sales, :type)
   -> 0.0293s
-- drop_table(:sales)
   -> 0.0105s
-- create_table("sales")
   -> 0.0093s
-- add_index(:sales, :plu)
   -> 0.0297s
-- add_index(:sales, :type)
   -> 0.0295s
-- drop_table(:sales)
   -> 0.0128s
-- create_table("sales")
   -> 0.0203s
-- add_index(:sales, :plu)
   -> 0.0328s
-- add_index(:sales, :type)
   -> 0.0318s
-- drop_table(:sales)
   -> 0.0125s
-- create_table("sales")
   -> 0.0218s
-- add_index(:sales, :plu)
   -> 0.0327s
-- add_index(:sales, :type)
   -> 0.0296s
-- drop_table(:sales)
   -> 0.0131s
-- create_table("sales")
   -> 0.0184s
-- add_index(:sales, :plu)
   -> 0.0291s
-- add_index(:sales, :type)
   -> 0.0328s
-- drop_table(:sales)
   -> 0.0101s
-- create_table("sales")
   -> 0.0088s
-- add_index(:sales, :plu)
   -> 0.0296s
-- add_index(:sales, :type)
   -> 0.0290s
-- drop_table(:sales)
   -> 0.0090s
-- create_table("sales")
   -> 0.0087s
-- add_index(:sales, :plu)
   -> 0.0303s
-- add_index(:sales, :type)
   -> 0.0306s
-- drop_table(:sales)
   -> 0.0101s
-- create_table("sales")
   -> 0.0092s
-- add_index(:sales, :plu)
   -> 0.0292s
-- add_index(:sales, :type)
   -> 0.0289s
-- drop_table(:sales)
   -> 0.0095s
-- create_table("sales")
   -> 0.0092s
-- add_index(:sales, :plu)
   -> 0.0311s
-- add_index(:sales, :type)
   -> 0.0314s
-- drop_table(:sales)
   -> 0.0122s
-- create_table("sales")
   -> 0.0277s
-- add_index(:sales, :plu)
   -> 0.0315s
-- add_index(:sales, :type)
   -> 0.0300s
-- drop_table(:sales)
   -> 0.0100s
-- create_table("sales")
   -> 0.0087s
-- add_index(:sales, :plu)
   -> 0.0298s
-- add_index(:sales, :type)
   -> 0.0325s
-- drop_table(:sales)
   -> 0.0096s
-- create_table("sales")
   -> 0.0092s
-- add_index(:sales, :plu)
   -> 0.0310s
-- add_index(:sales, :type)
   -> 0.0294s
-- drop_table(:sales)
   -> 0.0128s
-- create_table("sales")
   -> 0.0190s
-- add_index(:sales, :plu)
   -> 0.0299s
-- add_index(:sales, :type)
   -> 0.0288s
-- drop_table(:sales)
   -> 0.0113s
-- create_table("sales")
   -> 0.0127s
-- add_index(:sales, :plu)
   -> 0.0299s
-- add_index(:sales, :type)
   -> 0.0319s
-- drop_table(:sales)
   -> 0.0134s
-- create_table("sales")
   -> 0.0138s
-- add_index(:sales, :plu)
   -> 0.0321s
-- add_index(:sales, :type)
   -> 0.0297s
-- drop_table(:sales)
   -> 0.0143s
-- create_table("sales")
   -> 0.0092s
-- add_index(:sales, :plu)
   -> 0.0299s
-- add_index(:sales, :type)
   -> 0.0286s
-- drop_table(:sales)
   -> 0.0080s
-- create_table("sales")
   -> 0.0092s
-- add_index(:sales, :plu)
   -> 0.0290s
-- add_index(:sales, :type)
   -> 0.0285s
-- drop_table(:sales)
   -> 0.0101s
-- create_table("sales")
   -> 0.0105s
-- add_index(:sales, :plu)
   -> 0.0284s
-- add_index(:sales, :type)
   -> 0.0308s
-- drop_table(:sales)
   -> 0.0086s
-- create_table("sales")
   -> 0.0089s
-- add_index(:sales, :plu)
   -> 0.0283s
-- add_index(:sales, :type)
   -> 0.0290s
-- drop_table(:sales)
   -> 0.0099s
-- create_table("sales")
   -> 0.0096s
-- add_index(:sales, :plu)
   -> 0.0288s
-- add_index(:sales, :type)
   -> 0.0284s
-- drop_table(:sales)
   -> 0.0136s
-- create_table("sales")
   -> 0.0093s
-- add_index(:sales, :plu)
   -> 0.0292s
-- add_index(:sales, :type)
   -> 0.0312s
-- drop_table(:sales)
   -> 0.0102s
-- create_table("sales")
   -> 0.0097s
-- add_index(:sales, :plu)
   -> 0.0325s
-- add_index(:sales, :type)
   -> 0.0298s
-- drop_table(:sales)
   -> 0.0133s
-- create_table("sales")
   -> 0.0223s
-- add_index(:sales, :plu)
   -> 0.0322s
-- add_index(:sales, :type)
   -> 0.0294s
-- drop_table(:sales)
   -> 0.0141s
-- create_table("sales")
   -> 0.0261s
-- add_index(:sales, :plu)
   -> 0.0383s
-- add_index(:sales, :type)
   -> 0.0431s
-- drop_table(:sales)
   -> 0.0198s
-- create_table("sales")
   -> 0.0233s
-- add_index(:sales, :plu)
   -> 0.0417s
-- add_index(:sales, :type)
   -> 0.0374s
-- drop_table(:sales)
   -> 0.0199s
-- create_table("sales")
   -> 0.0230s
-- add_index(:sales, :plu)
   -> 0.0377s
-- add_index(:sales, :type)
   -> 0.0421s
-- drop_table(:sales)
   -> 0.0125s
-- create_table("sales")
   -> 0.0195s
-- add_index(:sales, :plu)
   -> 0.0388s
-- add_index(:sales, :type)
   -> 0.0399s
-- drop_table(:sales)
   -> 0.0123s
-- create_table("sales")
   -> 0.0248s
-- add_index(:sales, :plu)
   -> 0.0423s
-- add_index(:sales, :type)
   -> 0.0426s
-- drop_table(:sales)
   -> 0.0131s
-- create_table("sales")
   -> 0.0132s
-- add_index(:sales, :plu)
   -> 0.0319s
-- add_index(:sales, :type)
   -> 0.0288s
-- drop_table(:sales)
   -> 0.0094s
-- create_table("sales")
   -> 0.0093s
-- add_index(:sales, :plu)
   -> 0.0321s
-- add_index(:sales, :type)
   -> 0.0290s
-- drop_table(:sales)
   -> 0.0092s
-- create_table("sales")
   -> 0.0093s
-- add_index(:sales, :plu)
   -> 0.0290s
-- add_index(:sales, :type)
   -> 0.0291s
-- drop_table(:sales)
   -> 0.0095s
-- create_table("sales")
   -> 0.0090s
-- add_index(:sales, :plu)
   -> 0.0312s
-- add_index(:sales, :type)
   -> 0.0316s
-- drop_table(:sales)
   -> 0.0150s
-- create_table("sales")
   -> 0.0142s
-- add_index(:sales, :plu)
   -> 0.0336s
-- add_index(:sales, :type)
   -> 0.0289s
-- drop_table(:sales)
   -> 0.0188s
-- create_table("sales")
   -> 0.0102s
-- add_index(:sales, :plu)
   -> 0.0298s
-- add_index(:sales, :type)
   -> 0.0292s
-- drop_table(:sales)
   -> 0.0199s
-- create_table("sales")
   -> 0.0185s
-- add_index(:sales, :plu)
   -> 0.0381s
-- add_index(:sales, :type)
   -> 0.0390s
-- drop_table(:sales)
   -> 0.0129s
-- create_table("sales")
   -> 0.0236s
-- add_index(:sales, :plu)
   -> 0.0417s
-- add_index(:sales, :type)
   -> 0.0448s
-- drop_table(:sales)
   -> 0.0286s
-- create_table("sales")
   -> 0.0158s
-- add_index(:sales, :plu)
   -> 0.0365s
-- add_index(:sales, :type)
   -> 0.0346s
-- drop_table(:sales)
   -> 0.0091s
-- create_table("sales")
   -> 0.0089s
-- add_index(:sales, :plu)
   -> 0.0311s
-- add_index(:sales, :type)
   -> 0.0282s
-- drop_table(:sales)
   -> 0.0247s
-- create_table("sales")
   -> 0.0216s
-- add_index(:sales, :plu)
   -> 0.0449s
-- add_index(:sales, :type)
   -> 0.0424s
-- drop_table(:sales)
   -> 0.0099s
-- create_table("sales")
   -> 0.0094s
-- add_index(:sales, :plu)
   -> 0.0290s
-- add_index(:sales, :type)
   -> 0.0308s
-- drop_table(:sales)
   -> 0.0086s
-- create_table("sales")
   -> 0.0089s
-- add_index(:sales, :plu)
   -> 0.0281s
-- add_index(:sales, :type)
   -> 0.0311s
-- drop_table(:sales)
   -> 0.0135s
-- create_table("sales")
   -> 0.0137s
-- add_index(:sales, :plu)
   -> 0.0387s
-- add_index(:sales, :type)
   -> 0.0428s
-- drop_table(:sales)
   -> 0.0135s
-- create_table("sales")
   -> 0.0274s
-- add_index(:sales, :plu)
   -> 0.0470s
-- add_index(:sales, :type)
   -> 0.0359s
-- drop_table(:sales)
   -> 0.0151s
-- create_table("sales")
   -> 0.0222s
-- add_index(:sales, :plu)
   -> 0.0451s
-- add_index(:sales, :type)
   -> 0.0382s
-- drop_table(:sales)
   -> 0.0157s
-- create_table("sales")
   -> 0.0283s
-- add_index(:sales, :plu)
   -> 0.0406s
-- add_index(:sales, :type)
   -> 0.0489s
-- drop_table(:sales)
   -> 0.0092s
-- create_table("sales")
   -> 0.0091s
-- add_index(:sales, :plu)
   -> 0.0289s
-- add_index(:sales, :type)
   -> 0.0288s
-- drop_table(:sales)
   -> 0.0185s
-- create_table("sales")
   -> 0.0198s
-- add_index(:sales, :plu)
   -> 0.0423s
-- add_index(:sales, :type)
   -> 0.0443s
-- drop_table(:sales)
   -> 0.0134s
-- create_table("sales")
   -> 0.0166s
-- add_index(:sales, :plu)
   -> 0.0411s
-- add_index(:sales, :type)
   -> 0.0433s
-- drop_table(:sales)
   -> 0.0088s
-- create_table("sales")
   -> 0.0091s
-- add_index(:sales, :plu)
   -> 0.0310s
-- add_index(:sales, :type)
   -> 0.0287s
-- drop_table(:sales)
   -> 0.0090s
-- create_table("sales")
   -> 0.0091s
-- add_index(:sales, :plu)
   -> 0.0287s
-- add_index(:sales, :type)
   -> 0.0286s
-- drop_table(:sales)
   -> 0.0317s
-- create_table("sales")
   -> 0.0238s
-- add_index(:sales, :plu)
   -> 0.0385s
-- add_index(:sales, :type)
   -> 0.0369s
-- drop_table(:sales)
   -> 0.0113s
-- create_table("sales")
   -> 0.0195s
-- add_index(:sales, :plu)
   -> 0.0378s
-- add_index(:sales, :type)
   -> 0.0409s
-- drop_table(:sales)
   -> 0.0234s
-- create_table("sales")
   -> 0.0152s
-- add_index(:sales, :plu)
   -> 0.0371s
-- add_index(:sales, :type)
   -> 0.0429s
-- drop_table(:sales)
   -> 0.0208s
-- create_table("sales")
   -> 0.0210s
-- add_index(:sales, :plu)
   -> 0.0369s
-- add_index(:sales, :type)
   -> 0.0419s
-- drop_table(:sales)
   -> 0.0095s
-- create_table("sales")
   -> 0.0093s
-- add_index(:sales, :plu)
   -> 0.0281s
-- add_index(:sales, :type)
   -> 0.0308s
-- drop_table(:sales)
   -> 0.0123s
-- create_table("sales")
   -> 0.0100s
-- add_index(:sales, :plu)
   -> 0.0302s
-- add_index(:sales, :type)
   -> 0.0291s
-- drop_table(:sales)
   -> 0.0187s
-- create_table("sales")
   -> 0.0166s
-- add_index(:sales, :plu)
   -> 0.0497s
-- add_index(:sales, :type)
   -> 0.0420s
