-- drop_table(:stocks)
   -> 0.0156s
-- create_table("stocks")
   -> 0.0310s
-- add_index(:stocks, :plu)
   -> 0.0999s
-- drop_table(:stocks)
   -> 0.0210s
-- create_table("stocks")
   -> 0.0285s
-- add_index(:stocks, :plu)
   -> 0.1036s
-- drop_table(:stocks)
   -> 0.0210s
-- create_table("stocks")
   -> 0.0277s
-- add_index(:stocks, :plu)
   -> 0.0637s
-- drop_table(:stocks)
   -> 0.0259s
-- create_table("stocks")
   -> 0.0299s
-- add_index(:stocks, :plu)
   -> 0.1163s
-- drop_table(:stocks)
   -> 0.0275s
-- create_table("stocks")
   -> 0.0466s
-- add_index(:stocks, :plu)
   -> 0.0681s
-- drop_table(:stocks)
   -> 0.0272s
-- create_table("stocks")
   -> 0.0378s
-- add_index(:stocks, :plu)
   -> 0.1145s
-- drop_table(:stocks)
   -> 0.0196s
-- create_table("stocks")
   -> 0.0321s
-- add_index(:stocks, :plu)
   -> 0.1129s
-- drop_table(:stocks)
   -> 0.0182s
-- create_table("stocks")
   -> 0.0337s
-- add_index(:stocks, :plu)
   -> 0.0796s
-- drop_table(:stocks)
   -> 0.0216s
-- create_table("stocks")
   -> 0.0275s
-- add_index(:stocks, :plu)
   -> 0.0767s
-- drop_table(:stocks)
   -> 0.0239s
-- create_table("stocks")
   -> 0.0292s
-- add_index(:stocks, :plu)
   -> 0.0730s
-- drop_table(:stocks)
   -> 0.0193s
-- create_table("stocks")
   -> 0.0244s
-- add_index(:stocks, :plu)
   -> 0.0962s
-- drop_table(:stocks)
   -> 0.0159s
-- create_table("stocks")
   -> 0.0328s
-- add_index(:stocks, :plu)
   -> 0.0682s
-- drop_table(:stocks)
   -> 0.0195s
-- create_table("stocks")
   -> 0.0364s
-- add_index(:stocks, :plu)
   -> 0.0908s
-- drop_table(:stocks)
   -> 0.0287s
-- create_table("stocks")
   -> 0.0334s
-- add_index(:stocks, :plu)
   -> 0.0917s
-- drop_table(:stocks)
   -> 0.0429s
-- create_table("stocks")
   -> 0.0398s
-- add_index(:stocks, :plu)
   -> 0.0942s
-- drop_table(:stocks)
   -> 0.0188s
-- create_table("stocks")
   -> 0.0275s
-- add_index(:stocks, :plu)
   -> 0.1145s
-- drop_table(:stocks)
   -> 0.0413s
-- create_table("stocks")
   -> 0.0330s
-- add_index(:stocks, :plu)
   -> 0.0809s
-- drop_table(:stocks)
   -> 0.0255s
-- create_table("stocks")
   -> 0.0507s
-- add_index(:stocks, :plu)
   -> 0.0753s
-- drop_table(:stocks)
   -> 0.0275s
-- create_table("stocks")
   -> 0.0309s
-- add_index(:stocks, :plu)
   -> 0.0687s
-- drop_table(:stocks)
   -> 0.0266s
-- create_table("stocks")
   -> 0.0491s
-- add_index(:stocks, :plu)
   -> 0.0772s
-- drop_table(:stocks)
   -> 0.0299s
-- create_table("stocks")
   -> 0.0349s
-- add_index(:stocks, :plu)
   -> 0.1627s
-- drop_table(:stocks)
   -> 0.0156s
-- create_table("stocks")
   -> 0.0419s
-- add_index(:stocks, :plu)
   -> 0.0799s
-- drop_table(:stocks)
   -> 0.0225s
-- create_table("stocks")
   -> 0.0316s
-- add_index(:stocks, :plu)
   -> 0.0924s
-- drop_table(:stocks)
   -> 0.0311s
-- create_table("stocks")
   -> 0.0360s
-- add_index(:stocks, :plu)
   -> 0.0987s
-- drop_table(:stocks)
   -> 0.0201s
-- create_table("stocks")
   -> 0.0394s
-- add_index(:stocks, :plu)
   -> 0.0795s
-- drop_table(:stocks)
   -> 0.0249s
-- create_table("stocks")
   -> 0.0298s
-- add_index(:stocks, :plu)
   -> 0.0635s
-- drop_table(:stocks)
   -> 0.0171s
-- create_table("stocks")
   -> 0.0309s
-- add_index(:stocks, :plu)
   -> 0.0678s
-- drop_table(:stocks)
   -> 0.0206s
-- create_table("stocks")
   -> 0.0299s
-- add_index(:stocks, :plu)
   -> 0.0786s
-- drop_table(:stocks)
   -> 0.0162s
-- create_table("stocks")
   -> 0.0269s
-- add_index(:stocks, :plu)
   -> 0.0648s
-- drop_table(:stocks)
   -> 0.0211s
-- create_table("stocks")
   -> 0.0315s
-- add_index(:stocks, :plu)
   -> 0.0836s
-- drop_table(:stocks)
   -> 0.0173s
-- create_table("stocks")
   -> 0.0279s
-- add_index(:stocks, :plu)
   -> 0.0789s
-- drop_table(:stocks)
   -> 0.0206s
-- create_table("stocks")
   -> 0.0353s
-- add_index(:stocks, :plu)
   -> 0.0656s
-- drop_table(:stocks)
   -> 0.0175s
-- create_table("stocks")
   -> 0.0273s
-- add_index(:stocks, :plu)
   -> 0.0714s
-- drop_table(:stocks)
   -> 97.8018s
-- create_table("stocks")
   -> 0.0488s
-- add_index(:stocks, :plu)
   -> 0.1334s
-- drop_table(:stocks)
   -> 0.0304s
-- create_table("stocks")
   -> 0.0370s
-- add_index(:stocks, :plu)
   -> 0.0895s
-- drop_table(:stocks)
   -> 28.0090s
-- create_table("stocks")
   -> 0.0338s
-- add_index(:stocks, :plu)
   -> 0.1333s
-- drop_table(:stocks)
   -> 0.0253s
-- create_table("stocks")
   -> 0.0402s
-- add_index(:stocks, :plu)
   -> 0.1021s
-- drop_table(:stocks)
   -> 0.0437s
-- create_table("stocks")
   -> 0.0531s
-- add_index(:stocks, :plu)
   -> 0.1148s
-- drop_table(:stocks)
   -> 0.0171s
-- create_table("stocks")
   -> 0.0315s
-- add_index(:stocks, :plu)
   -> 0.1139s
-- drop_table(:stocks)
   -> 0.0377s
-- create_table("stocks")
   -> 0.0516s
-- add_index(:stocks, :plu)
   -> 0.1097s
-- drop_table(:stocks)
   -> 0.0218s
-- create_table("stocks")
   -> 0.0242s
-- add_index(:stocks, :plu)
   -> 0.1866s
-- drop_table(:stocks)
   -> 0.0219s
-- create_table("stocks")
   -> 0.0275s
-- add_index(:stocks, :plu)
   -> 0.1119s
-- drop_table(:stocks)
   -> 0.0221s
-- create_table("stocks")
   -> 0.0261s
-- add_index(:stocks, :plu)
   -> 0.0734s
-- drop_table(:stocks)
   -> 0.0205s
-- create_table("stocks")
   -> 0.0353s
-- add_index(:stocks, :plu)
   -> 0.0674s
-- drop_table(:stocks)
   -> 0.0198s
-- create_table("stocks")
   -> 0.0271s
-- add_index(:stocks, :plu)
   -> 0.1747s
-- drop_table(:stocks)
   -> 0.0164s
-- create_table("stocks")
   -> 0.0260s
-- add_index(:stocks, :plu)
   -> 0.1131s
-- drop_table(:stocks)
   -> 0.0159s
-- create_table("stocks")
   -> 0.0255s
-- add_index(:stocks, :plu)
   -> 0.0651s
-- drop_table(:stocks)
   -> 0.0162s
-- create_table("stocks")
   -> 0.0259s
-- add_index(:stocks, :plu)
   -> 0.0876s
-- drop_table(:stocks)
   -> 107.5448s
-- create_table("stocks")
   -> 0.0299s
-- add_index(:stocks, :plu)
   -> 0.0691s
-- drop_table(:stocks)
   -> 0.0185s
-- create_table("stocks")
   -> 0.0326s
-- add_index(:stocks, :plu)
   -> 0.0866s
-- drop_table(:stocks)
   -> 0.0339s
-- create_table("stocks")
   -> 0.0502s
-- add_index(:stocks, :plu)
   -> 0.0939s
-- drop_table(:stocks)
   -> 0.0303s
-- create_table("stocks")
   -> 0.0576s
-- add_index(:stocks, :plu)
   -> 0.0922s
-- drop_table(:stocks)
   -> 0.0236s
-- create_table("stocks")
   -> 0.0298s
-- add_index(:stocks, :plu)
   -> 0.0924s
-- drop_table(:stocks)
   -> 0.0174s
-- create_table("stocks")
   -> 0.0427s
-- add_index(:stocks, :plu)
   -> 0.0712s
-- drop_table(:stocks)
   -> 0.0167s
-- create_table("stocks")
   -> 0.0262s
-- add_index(:stocks, :plu)
   -> 0.1141s
-- drop_table(:stocks)
   -> 0.0193s
-- create_table("stocks")
   -> 0.0322s
-- add_index(:stocks, :plu)
   -> 0.0690s
-- drop_table(:stocks)
   -> 0.0175s
-- create_table("stocks")
   -> 0.0320s
-- add_index(:stocks, :plu)
   -> 0.0606s
-- drop_table(:stocks)
   -> 0.0221s
-- create_table("stocks")
   -> 0.0269s
-- add_index(:stocks, :plu)
   -> 0.0680s
-- drop_table(:stocks)
   -> 0.0252s
-- create_table("stocks")
   -> 0.0277s
-- add_index(:stocks, :plu)
   -> 0.0855s
/home/jon/.rvm/gems/ruby-2.5.1/gems/dbf-3.1.2/lib/dbf/table.rb:276:in `rescue in open_data': file not found: /home/hvsepos/Touch/DATA/Stock.DBF (DBF::FileNotFoundError)
	from /home/jon/.rvm/gems/ruby-2.5.1/gems/dbf-3.1.2/lib/dbf/table.rb:273:in `open_data'
	from /home/jon/.rvm/gems/ruby-2.5.1/gems/dbf-3.1.2/lib/dbf/table.rb:65:in `initialize'
	from hvs_migration_stocks.rb:74:in `new'
	from hvs_migration_stocks.rb:74:in `<main>'
-- drop_table(:stocks)
   -> 381.0204s
-- create_table("stocks")
   -> 0.7020s
-- add_index(:stocks, :plu)
   -> 2305.0948s
-- drop_table(:stocks)
   -> 26.3854s
-- create_table("stocks")
   -> 0.3520s
-- add_index(:stocks, :plu)
   -> 1831.0307s
/home/jon/.rvm/gems/ruby-2.5.1/gems/mysql2-0.5.2/lib/mysql2/client.rb:131:in `_query': Mysql2::Error: Unknown table 'hvs.stocks': DROP TABLE `stocks` (ActiveRecord::StatementInvalid)
	from /home/jon/.rvm/gems/ruby-2.5.1/gems/mysql2-0.5.2/lib/mysql2/client.rb:131:in `block in query'
	from /home/jon/.rvm/gems/ruby-2.5.1/gems/mysql2-0.5.2/lib/mysql2/client.rb:130:in `handle_interrupt'
	from /home/jon/.rvm/gems/ruby-2.5.1/gems/mysql2-0.5.2/lib/mysql2/client.rb:130:in `query'
	from /home/jon/.rvm/gems/ruby-2.5.1/gems/activerecord-5.2.1/lib/active_record/connection_adapters/abstract_mysql_adapter.rb:187:in `block (2 levels) in execute'
	from /home/jon/.rvm/gems/ruby-2.5.1/gems/activesupport-5.2.1/lib/active_support/dependencies/interlock.rb:48:in `block in permit_concurrent_loads'
	from /home/jon/.rvm/gems/ruby-2.5.1/gems/activesupport-5.2.1/lib/active_support/concurrency/share_lock.rb:187:in `yield_shares'
	from /home/jon/.rvm/gems/ruby-2.5.1/gems/activesupport-5.2.1/lib/active_support/dependencies/interlock.rb:47:in `permit_concurrent_loads'
	from /home/jon/.rvm/gems/ruby-2.5.1/gems/activerecord-5.2.1/lib/active_record/connection_adapters/abstract_mysql_adapter.rb:186:in `block in execute'
	from /home/jon/.rvm/gems/ruby-2.5.1/gems/activerecord-5.2.1/lib/active_record/connection_adapters/abstract_adapter.rb:579:in `block (2 levels) in log'
	from /home/jon/.rvm/rubies/ruby-2.5.1/lib/ruby/2.5.0/monitor.rb:226:in `mon_synchronize'
	from /home/jon/.rvm/gems/ruby-2.5.1/gems/activerecord-5.2.1/lib/active_record/connection_adapters/abstract_adapter.rb:578:in `block in log'
	from /home/jon/.rvm/gems/ruby-2.5.1/gems/activesupport-5.2.1/lib/active_support/notifications/instrumenter.rb:23:in `instrument'
	from /home/jon/.rvm/gems/ruby-2.5.1/gems/activerecord-5.2.1/lib/active_record/connection_adapters/abstract_adapter.rb:569:in `log'
	from /home/jon/.rvm/gems/ruby-2.5.1/gems/activerecord-5.2.1/lib/active_record/connection_adapters/abstract_mysql_adapter.rb:185:in `execute'
	from /home/jon/.rvm/gems/ruby-2.5.1/gems/activerecord-5.2.1/lib/active_record/connection_adapters/mysql/database_statements.rb:28:in `execute'
	from /home/jon/.rvm/gems/ruby-2.5.1/gems/activerecord-5.2.1/lib/active_record/connection_adapters/abstract_mysql_adapter.rb:340:in `drop_table'
	from /home/jon/.rvm/gems/ruby-2.5.1/gems/activerecord-5.2.1/lib/active_record/migration.rb:871:in `block in method_missing'
	from /home/jon/.rvm/gems/ruby-2.5.1/gems/activerecord-5.2.1/lib/active_record/migration.rb:840:in `block in say_with_time'
	from /home/jon/.rvm/rubies/ruby-2.5.1/lib/ruby/2.5.0/benchmark.rb:293:in `measure'
	from /home/jon/.rvm/gems/ruby-2.5.1/gems/activerecord-5.2.1/lib/active_record/migration.rb:840:in `say_with_time'
	from /home/jon/.rvm/gems/ruby-2.5.1/gems/activerecord-5.2.1/lib/active_record/migration.rb:860:in `method_missing'
	from /home/jon/.rvm/gems/ruby-2.5.1/gems/activerecord-5.2.1/lib/active_record/migration.rb:604:in `method_missing'
	from hvs_migration_stocks.rb:70:in `down'
	from hvs_migration_stocks.rb:77:in `<main>'
-- drop_table(:stocks)
-- drop_table(:stocks)
   -> 5396.5986s
-- create_table("stocks")
   -> 0.9529s
-- add_index(:stocks, :plu)
   -> 1.2799s
/home/jon/.rvm/gems/ruby-2.5.1/gems/mysql2-0.5.2/lib/mysql2/client.rb:131:in `_query': Mysql2::Error::ConnectionError: MySQL server has gone away: ROLLBACK (ActiveRecord::StatementInvalid)
	from /home/jon/.rvm/gems/ruby-2.5.1/gems/mysql2-0.5.2/lib/mysql2/client.rb:131:in `block in query'
	from /home/jon/.rvm/gems/ruby-2.5.1/gems/mysql2-0.5.2/lib/mysql2/client.rb:130:in `handle_interrupt'
	from /home/jon/.rvm/gems/ruby-2.5.1/gems/mysql2-0.5.2/lib/mysql2/client.rb:130:in `query'
	from /home/jon/.rvm/gems/ruby-2.5.1/gems/activerecord-5.2.1/lib/active_record/connection_adapters/abstract_mysql_adapter.rb:187:in `block (2 levels) in execute'
	from /home/jon/.rvm/gems/ruby-2.5.1/gems/activesupport-5.2.1/lib/active_support/dependencies/interlock.rb:48:in `block in permit_concurrent_loads'
	from /home/jon/.rvm/gems/ruby-2.5.1/gems/activesupport-5.2.1/lib/active_support/concurrency/share_lock.rb:187:in `yield_shares'
	from /home/jon/.rvm/gems/ruby-2.5.1/gems/activesupport-5.2.1/lib/active_support/dependencies/interlock.rb:47:in `permit_concurrent_loads'
	from /home/jon/.rvm/gems/ruby-2.5.1/gems/activerecord-5.2.1/lib/active_record/connection_adapters/abstract_mysql_adapter.rb:186:in `block in execute'
	from /home/jon/.rvm/gems/ruby-2.5.1/gems/activerecord-5.2.1/lib/active_record/connection_adapters/abstract_adapter.rb:579:in `block (2 levels) in log'
	from /home/jon/.rvm/rubies/ruby-2.5.1/lib/ruby/2.5.0/monitor.rb:226:in `mon_synchronize'
	from /home/jon/.rvm/gems/ruby-2.5.1/gems/activerecord-5.2.1/lib/active_record/connection_adapters/abstract_adapter.rb:578:in `block in log'
	from /home/jon/.rvm/gems/ruby-2.5.1/gems/activesupport-5.2.1/lib/active_support/notifications/instrumenter.rb:23:in `instrument'
	from /home/jon/.rvm/gems/ruby-2.5.1/gems/activerecord-5.2.1/lib/active_record/connection_adapters/abstract_adapter.rb:569:in `log'
	from /home/jon/.rvm/gems/ruby-2.5.1/gems/activerecord-5.2.1/lib/active_record/connection_adapters/abstract_mysql_adapter.rb:185:in `execute'
	from /home/jon/.rvm/gems/ruby-2.5.1/gems/activerecord-5.2.1/lib/active_record/connection_adapters/mysql/database_statements.rb:28:in `execute'
	from /home/jon/.rvm/gems/ruby-2.5.1/gems/activerecord-5.2.1/lib/active_record/connection_adapters/abstract_mysql_adapter.rb:213:in `exec_rollback_db_transaction'
	from /home/jon/.rvm/gems/ruby-2.5.1/gems/activerecord-5.2.1/lib/active_record/connection_adapters/abstract/database_statements.rb:307:in `rollback_db_transaction'
	from /home/jon/.rvm/gems/ruby-2.5.1/gems/activerecord-5.2.1/lib/active_record/connection_adapters/abstract/query_cache.rb:21:in `rollback_db_transaction'
	from /home/jon/.rvm/gems/ruby-2.5.1/gems/activerecord-5.2.1/lib/active_record/connection_adapters/abstract/transaction.rb:180:in `rollback'
	from /home/jon/.rvm/gems/ruby-2.5.1/gems/activerecord-5.2.1/lib/active_record/connection_adapters/abstract/transaction.rb:230:in `block in rollback_transaction'
	from /home/jon/.rvm/rubies/ruby-2.5.1/lib/ruby/2.5.0/monitor.rb:226:in `mon_synchronize'
	from /home/jon/.rvm/gems/ruby-2.5.1/gems/activerecord-5.2.1/lib/active_record/connection_adapters/abstract/transaction.rb:228:in `rollback_transaction'
	from /home/jon/.rvm/gems/ruby-2.5.1/gems/activerecord-5.2.1/lib/active_record/connection_adapters/abstract/transaction.rb:254:in `rescue in block in within_new_transaction'
	from /home/jon/.rvm/gems/ruby-2.5.1/gems/activerecord-5.2.1/lib/active_record/connection_adapters/abstract/transaction.rb:251:in `block in within_new_transaction'
	from /home/jon/.rvm/rubies/ruby-2.5.1/lib/ruby/2.5.0/monitor.rb:226:in `mon_synchronize'
	from /home/jon/.rvm/gems/ruby-2.5.1/gems/activerecord-5.2.1/lib/active_record/connection_adapters/abstract/transaction.rb:236:in `within_new_transaction'
	from /home/jon/.rvm/gems/ruby-2.5.1/gems/activerecord-5.2.1/lib/active_record/connection_adapters/abstract/database_statements.rb:254:in `transaction'
	from /home/jon/.rvm/gems/ruby-2.5.1/gems/activerecord-5.2.1/lib/active_record/transactions.rb:212:in `transaction'
	from /home/jon/.rvm/gems/ruby-2.5.1/gems/activerecord-5.2.1/lib/active_record/transactions.rb:385:in `with_transaction_returning_status'
	from /home/jon/.rvm/gems/ruby-2.5.1/gems/activerecord-5.2.1/lib/active_record/transactions.rb:310:in `block in save'
	from /home/jon/.rvm/gems/ruby-2.5.1/gems/activerecord-5.2.1/lib/active_record/transactions.rb:325:in `rollback_active_record_state!'
	from /home/jon/.rvm/gems/ruby-2.5.1/gems/activerecord-5.2.1/lib/active_record/transactions.rb:309:in `save'
	from /home/jon/.rvm/gems/ruby-2.5.1/gems/activerecord-5.2.1/lib/active_record/suppressor.rb:44:in `save'
	from /home/jon/.rvm/gems/ruby-2.5.1/gems/activerecord-5.2.1/lib/active_record/persistence.rb:36:in `create'
	from hvs_migration_stocks.rb:63:in `block in up'
	from /home/jon/.rvm/gems/ruby-2.5.1/gems/dbf-3.1.2/lib/dbf/table.rb:107:in `block in each'
	from /home/jon/.rvm/gems/ruby-2.5.1/gems/dbf-3.1.2/lib/dbf/table.rb:107:in `times'
	from /home/jon/.rvm/gems/ruby-2.5.1/gems/dbf-3.1.2/lib/dbf/table.rb:107:in `each'
	from hvs_migration_stocks.rb:62:in `up'
	from hvs_migration_stocks.rb:79:in `<main>'
-- drop_table(:stocks)
   -> 0.1666s
-- create_table("stocks")
   -> 0.4441s
-- drop_table(:stocks)
   -> 0.0130s
-- create_table("stocks")
   -> 0.0304s
-- add_index(:stocks, :plu)
   -> 1.3700s
-- drop_table(:stocks)
   -> 0.0218s
-- create_table("stocks")
   -> 0.0436s
-- add_index(:stocks, :plu)
   -> 0.0861s
/home/jon/.rvm/gems/ruby-2.5.1/gems/dbf-3.1.2/lib/dbf/table.rb:276:in `rescue in open_data': file not found: /home/hvsepos/Touch/DATA/Stock.DBF (DBF::FileNotFoundError)
	from /home/jon/.rvm/gems/ruby-2.5.1/gems/dbf-3.1.2/lib/dbf/table.rb:273:in `open_data'
	from /home/jon/.rvm/gems/ruby-2.5.1/gems/dbf-3.1.2/lib/dbf/table.rb:65:in `initialize'
	from hvs_migration_stocks.rb:74:in `new'
	from hvs_migration_stocks.rb:74:in `<main>'
-- drop_table(:stocks)
   -> 0.0195s
-- create_table("stocks")
   -> 0.0331s
-- add_index(:stocks, :plu)
   -> 0.1420s
-- drop_table(:stocks)
   -> 153.2609s
-- create_table("stocks")
   -> 1.3225s
-- add_index(:stocks, :plu)
   -> 1634.2584s
/home/jon/.rvm/gems/ruby-2.5.1/gems/mysql2-0.5.2/lib/mysql2/client.rb:131:in `_query': Mysql2::Error: Table 'hvs.stocks' doesn't exist: INSERT INTO `stocks` (`plu`, `desc`, `dept`, `supp`, `suppcode`, `cost`, `vatcode`, `vatrate`, `qty1`, `price1`, `qty2`, `price2`, `qty3`, `price3`, `qty4`, `price4`, `qty5`, `price5`, `qty6`, `price6`, `stock`, `caseqty`, `min`, `max`, `stop`, `mixmatch`, `pshift1`, `pshift2`, `pshift3`, `pshift4`, `pshift5`, `pshift6`, `followon`, `bonus`, `kitchen`, `opalert`, `prnalert`, `comment1`, `comment2`, `comment3`, `location`, `condiment1`, `condiment2`, `condiment3`, `qtydes1`, `qtydes2`, `qtydes3`, `qtydes4`, `qtydes5`, `qtydes6`, `lastsold`, `lastrece`, `serialmin`, `serialmax`, `question1`, `question2`, `question3`, `comprece`, `opening`, `stockin`, `stockout`, `avgcost`, `maxdisc`, `loypoints`, `compstock`, `postsale`, `takeout`, `nonstock`, `custpts`, `photo`, `remtext1`, `remtext2`, `loyex`, `redonrem`, `shelf_lab`, `prod_lab`, `sales_qty`, `casecost`, `saleslabel`, `labelprn`, `cwmgroup`, `cwmplu`, `nuovqty`, `cuovlabel`, `nweight`, `lweighable`, `cgroupid`, `cuniqueid`, `nonorder`, `lghost`, `nghostsell`, `nghostmsel`, `cmasterplu`, `lmodifier`, `cdefloc`, `letopup`, `lrecipe`, `lonfly`, `luncexport`, `ltracking`, `ndcstubs`, `lrepair`, `nrepmargin`, `ldcmeasure`, `nwsfcolour`, `nwsbcolour`, `lwsexclude`, `lsageexcl`, `nwsseq`, `lusepict`, `lnontax`, `ltrainee`, `lnoreturn`, `lwsconsol`, `lascondi`, `lusedmm`, `ctheme`, `nrcpremote`, `lrcpdispla`, `lrcpdtrain`, `nthfcolour`, `lvoucher`, `lvchaccnt`, `lvchticket`, `lvchserial`, `lfreqplu`, `ifrequency`, `ldelivery`, `ilabwareid`, `lpackage`, `nthbcolour`, `linsurance`, `nonorderu`, `leodprint`, `lsquidrdm`, `lsquidtop`, `lwghtbcode`, `csize`, `cfacing`) VALUES ('292', 'Pineapple', '1101', '3', '', 1.99, 2, 0.0, 1.0, 2.89, 0.0, 0.0, 0.0, 0.0, 0.0, 0.0, 0.0, 0.0, 0.0, 0.0, 0.0, 3, 0, 0, 0, 0, 0, 0, 0, 0, 0, 0, '', 0, 0, 0, 0, '', '', '', '', 0, 0, 0, 'EACH', 'NONE', 'NONE', 'NONE', 'NONE', 'NONE', '2019-09-25', '2019-09-04', 0, 0, 0, 0, 0, FALSE, 0.0, 3.0, 0.0, 1.993, 100.0, 0, FALSE, FALSE, FALSE, FALSE, 0, '', '', '', FALSE, FALSE, FALSE, FALSE, 0.0, 5.97, '', '', '', '', 0.0, '', 0.0, FALSE, '4', '_5FS0LULSN', 0, FALSE, 0.0, 0.0, '', FALSE, '', FALSE, FALSE, FALSE, FALSE, FALSE, 0, FALSE, 0.0, FALSE, -1, -1, FALSE, FALSE, 999, FALSE, FALSE, FALSE, FALSE, FALSE, FALSE, FALSE, '', 0, FALSE, FALSE, -1, FALSE, FALSE, FALSE, FALSE, FALSE, 0, FALSE, 0, FALSE, -1, FALSE, 0.0, FALSE, FALSE, FALSE, FALSE, '', '') (ActiveRecord::StatementInvalid)
	from /home/jon/.rvm/gems/ruby-2.5.1/gems/mysql2-0.5.2/lib/mysql2/client.rb:131:in `block in query'
	from /home/jon/.rvm/gems/ruby-2.5.1/gems/mysql2-0.5.2/lib/mysql2/client.rb:130:in `handle_interrupt'
	from /home/jon/.rvm/gems/ruby-2.5.1/gems/mysql2-0.5.2/lib/mysql2/client.rb:130:in `query'
	from /home/jon/.rvm/gems/ruby-2.5.1/gems/activerecord-5.2.1/lib/active_record/connection_adapters/abstract_mysql_adapter.rb:187:in `block (2 levels) in execute'
	from /home/jon/.rvm/gems/ruby-2.5.1/gems/activesupport-5.2.1/lib/active_support/dependencies/interlock.rb:48:in `block in permit_concurrent_loads'
	from /home/jon/.rvm/gems/ruby-2.5.1/gems/activesupport-5.2.1/lib/active_support/concurrency/share_lock.rb:187:in `yield_shares'
	from /home/jon/.rvm/gems/ruby-2.5.1/gems/activesupport-5.2.1/lib/active_support/dependencies/interlock.rb:47:in `permit_concurrent_loads'
	from /home/jon/.rvm/gems/ruby-2.5.1/gems/activerecord-5.2.1/lib/active_record/connection_adapters/abstract_mysql_adapter.rb:186:in `block in execute'
	from /home/jon/.rvm/gems/ruby-2.5.1/gems/activerecord-5.2.1/lib/active_record/connection_adapters/abstract_adapter.rb:579:in `block (2 levels) in log'
	from /home/jon/.rvm/rubies/ruby-2.5.1/lib/ruby/2.5.0/monitor.rb:226:in `mon_synchronize'
	from /home/jon/.rvm/gems/ruby-2.5.1/gems/activerecord-5.2.1/lib/active_record/connection_adapters/abstract_adapter.rb:578:in `block in log'
	from /home/jon/.rvm/gems/ruby-2.5.1/gems/activesupport-5.2.1/lib/active_support/notifications/instrumenter.rb:23:in `instrument'
	from /home/jon/.rvm/gems/ruby-2.5.1/gems/activerecord-5.2.1/lib/active_record/connection_adapters/abstract_adapter.rb:569:in `log'
	from /home/jon/.rvm/gems/ruby-2.5.1/gems/activerecord-5.2.1/lib/active_record/connection_adapters/abstract_mysql_adapter.rb:185:in `execute'
	from /home/jon/.rvm/gems/ruby-2.5.1/gems/activerecord-5.2.1/lib/active_record/connection_adapters/mysql/database_statements.rb:28:in `execute'
	from /home/jon/.rvm/gems/ruby-2.5.1/gems/activerecord-5.2.1/lib/active_record/connection_adapters/abstract_mysql_adapter.rb:196:in `execute_and_free'
	from /home/jon/.rvm/gems/ruby-2.5.1/gems/activerecord-5.2.1/lib/active_record/connection_adapters/mysql/database_statements.rb:33:in `exec_query'
	from /home/jon/.rvm/gems/ruby-2.5.1/gems/activerecord-5.2.1/lib/active_record/connection_adapters/abstract/database_statements.rb:117:in `exec_insert'
	from /home/jon/.rvm/gems/ruby-2.5.1/gems/activerecord-5.2.1/lib/active_record/connection_adapters/abstract/database_statements.rb:149:in `insert'
	from /home/jon/.rvm/gems/ruby-2.5.1/gems/activerecord-5.2.1/lib/active_record/connection_adapters/abstract/query_cache.rb:21:in `insert'
	from /home/jon/.rvm/gems/ruby-2.5.1/gems/activerecord-5.2.1/lib/active_record/persistence.rb:187:in `_insert_record'
	from /home/jon/.rvm/gems/ruby-2.5.1/gems/activerecord-5.2.1/lib/active_record/persistence.rb:733:in `_create_record'
	from /home/jon/.rvm/gems/ruby-2.5.1/gems/activerecord-5.2.1/lib/active_record/counter_cache.rb:184:in `_create_record'
	from /home/jon/.rvm/gems/ruby-2.5.1/gems/activerecord-5.2.1/lib/active_record/locking/optimistic.rb:70:in `_create_record'
	from /home/jon/.rvm/gems/ruby-2.5.1/gems/activerecord-5.2.1/lib/active_record/attribute_methods/dirty.rb:137:in `_create_record'
	from /home/jon/.rvm/gems/ruby-2.5.1/gems/activerecord-5.2.1/lib/active_record/callbacks.rb:346:in `block in _create_record'
	from /home/jon/.rvm/gems/ruby-2.5.1/gems/activesupport-5.2.1/lib/active_support/callbacks.rb:132:in `run_callbacks'
	from /home/jon/.rvm/gems/ruby-2.5.1/gems/activesupport-5.2.1/lib/active_support/callbacks.rb:816:in `_run_create_callbacks'
	from /home/jon/.rvm/gems/ruby-2.5.1/gems/activerecord-5.2.1/lib/active_record/callbacks.rb:346:in `_create_record'
	from /home/jon/.rvm/gems/ruby-2.5.1/gems/activerecord-5.2.1/lib/active_record/timestamp.rb:102:in `_create_record'
	from /home/jon/.rvm/gems/ruby-2.5.1/gems/activerecord-5.2.1/lib/active_record/persistence.rb:704:in `create_or_update'
	from /home/jon/.rvm/gems/ruby-2.5.1/gems/activerecord-5.2.1/lib/active_record/callbacks.rb:342:in `block in create_or_update'
	from /home/jon/.rvm/gems/ruby-2.5.1/gems/activesupport-5.2.1/lib/active_support/callbacks.rb:132:in `run_callbacks'
	from /home/jon/.rvm/gems/ruby-2.5.1/gems/activesupport-5.2.1/lib/active_support/callbacks.rb:816:in `_run_save_callbacks'
	from /home/jon/.rvm/gems/ruby-2.5.1/gems/activerecord-5.2.1/lib/active_record/callbacks.rb:342:in `create_or_update'
	from /home/jon/.rvm/gems/ruby-2.5.1/gems/activerecord-5.2.1/lib/active_record/persistence.rb:275:in `save'
	from /home/jon/.rvm/gems/ruby-2.5.1/gems/activerecord-5.2.1/lib/active_record/validations.rb:46:in `save'
	from /home/jon/.rvm/gems/ruby-2.5.1/gems/activerecord-5.2.1/lib/active_record/transactions.rb:310:in `block (2 levels) in save'
	from /home/jon/.rvm/gems/ruby-2.5.1/gems/activerecord-5.2.1/lib/active_record/transactions.rb:387:in `block in with_transaction_returning_status'
	from /home/jon/.rvm/gems/ruby-2.5.1/gems/activerecord-5.2.1/lib/active_record/connection_adapters/abstract/database_statements.rb:254:in `block in transaction'
	from /home/jon/.rvm/gems/ruby-2.5.1/gems/activerecord-5.2.1/lib/active_record/connection_adapters/abstract/transaction.rb:239:in `block in within_new_transaction'
	from /home/jon/.rvm/rubies/ruby-2.5.1/lib/ruby/2.5.0/monitor.rb:226:in `mon_synchronize'
	from /home/jon/.rvm/gems/ruby-2.5.1/gems/activerecord-5.2.1/lib/active_record/connection_adapters/abstract/transaction.rb:236:in `within_new_transaction'
	from /home/jon/.rvm/gems/ruby-2.5.1/gems/activerecord-5.2.1/lib/active_record/connection_adapters/abstract/database_statements.rb:254:in `transaction'
	from /home/jon/.rvm/gems/ruby-2.5.1/gems/activerecord-5.2.1/lib/active_record/transactions.rb:212:in `transaction'
	from /home/jon/.rvm/gems/ruby-2.5.1/gems/activerecord-5.2.1/lib/active_record/transactions.rb:385:in `with_transaction_returning_status'
	from /home/jon/.rvm/gems/ruby-2.5.1/gems/activerecord-5.2.1/lib/active_record/transactions.rb:310:in `block in save'
	from /home/jon/.rvm/gems/ruby-2.5.1/gems/activerecord-5.2.1/lib/active_record/transactions.rb:325:in `rollback_active_record_state!'
	from /home/jon/.rvm/gems/ruby-2.5.1/gems/activerecord-5.2.1/lib/active_record/transactions.rb:309:in `save'
	from /home/jon/.rvm/gems/ruby-2.5.1/gems/activerecord-5.2.1/lib/active_record/suppressor.rb:44:in `save'
	from /home/jon/.rvm/gems/ruby-2.5.1/gems/activerecord-5.2.1/lib/active_record/persistence.rb:36:in `create'
	from hvs_migration_stocks.rb:63:in `block in up'
	from /home/jon/.rvm/gems/ruby-2.5.1/gems/dbf-3.1.2/lib/dbf/table.rb:107:in `block in each'
	from /home/jon/.rvm/gems/ruby-2.5.1/gems/dbf-3.1.2/lib/dbf/table.rb:107:in `times'
	from /home/jon/.rvm/gems/ruby-2.5.1/gems/dbf-3.1.2/lib/dbf/table.rb:107:in `each'
	from hvs_migration_stocks.rb:62:in `up'
	from hvs_migration_stocks.rb:79:in `<main>'
-- drop_table(:stocks)
   -> 2523.7473s
-- create_table("stocks")
   -> 1.2749s
-- drop_table(:stocks)
   -> 2603.1278s
-- create_table("stocks")
   -> 0.9344s
-- add_index(:stocks, :plu)
   -> 6.9699s
-- drop_table(:stocks)
   -> 0.2716s
-- create_table("stocks")
   -> 0.4054s
-- add_index(:stocks, :plu)
   -> 1.0802s
-- drop_table(:stocks)
   -> 0.0153s
-- create_table("stocks")
   -> 0.0325s
-- add_index(:stocks, :plu)
   -> 0.1044s
-- drop_table(:stocks)
   -> 0.0177s
-- create_table("stocks")
   -> 0.0289s
-- add_index(:stocks, :plu)
   -> 0.1073s
-- drop_table(:stocks)
   -> 0.0147s
-- create_table("stocks")
   -> 0.0267s
-- add_index(:stocks, :plu)
   -> 0.1145s
-- drop_table(:stocks)
   -> 0.0163s
-- create_table("stocks")
   -> 0.0488s
-- add_index(:stocks, :plu)
   -> 0.1083s
-- drop_table(:stocks)
   -> 0.0206s
-- create_table("stocks")
   -> 0.0251s
-- add_index(:stocks, :plu)
   -> 0.0997s
